       0         1000   -395654.43            0            0      0.78125   0.69117647 
    1000         1000   -402255.12         1000          156   0.87152778   0.64869281 
    2000         1000   -402660.39         2000          217   0.93402778   0.61928105 
    3000         1000   -402786.09         3000          244   0.94791667    0.6127451 
    4000         1000   -402894.77         4000          274      0.96875   0.60294118 
    5000         1000   -402947.68         5000          295   0.97569444    0.5996732 
    6000         1000   -402988.97         6000          308   0.98263889   0.59640523 
    7000         1000   -403051.53         7000          326   0.98958333   0.59313725 
    8000         1000   -403135.62         8000          338   0.99305556   0.59150327 
    8100         1000   -403133.63         8100          340   0.99652778   0.58986928 
    8100          990   -403133.63            0            0   0.99652778   0.58986928 
    9000          990   -403136.22          900            7   0.99652778   0.58986928 
   10000          990   -403185.42         1900           18   0.99652778   0.58986928 
   11000          990    -403202.6         2900           24            1   0.58823529 
   12000          990   -403205.09         3900           31            1   0.58823529 
   13000          990   -403201.46         4900           36            1   0.58823529 
   14000          990   -403208.35         5900           42            1   0.58823529 
   15000          990   -403213.21         6900           49            1   0.58823529 
   16000          990   -403207.29         7900           54            1   0.58823529 
   16200          990   -403207.59         8100           55            1   0.58823529 
   16200          980   -403207.59            0            0            1   0.58823529 
   17000          980   -403211.33          800            2            1   0.58823529 
   18000          980   -403200.75         1800           12   0.99652778   0.58986928 
   19000          980   -403193.46         2800           16   0.99652778   0.58986928 
   20000          980   -403205.96         3800           26   0.99305556   0.59150327 
   21000          980   -403209.34         4800           32   0.99305556   0.59150327 
   22000          980    -403211.6         5800           34   0.99305556   0.59150327 
   23000          980   -403224.63         6800           43            1   0.58823529 
   24000          980    -403223.6         7800           46            1   0.58823529 
   24300          980   -403223.84         8100           49            1   0.58823529 
   24300          970   -403223.84            0            0            1   0.58823529 
   25000          970   -403235.13          700            2            1   0.58823529 
   26000          970    -403234.1         1700            7            1   0.58823529 
   27000          970   -403235.87         2700           21            1   0.58823529 
   28000          970    -403240.7         3700           26            1   0.58823529 
   29000          970   -403272.99         4700           34            1   0.58823529 
   30000          970   -403279.11         5700           39            1   0.58823529 
   31000          970   -403288.88         6700           41            1   0.58823529 
   32000          970   -403284.05         7700           42            1   0.58823529 
   32400          970   -403281.69         8100           43            1   0.58823529 
   32400          960   -403281.69            0            0            1   0.58823529 
   33000          960   -403279.48          600            1            1   0.58823529 
   34000          960   -403283.77         1600            5            1   0.58823529 
   35000          960   -403284.41         2600            7            1   0.58823529 
   36000          960   -403277.38         3600           10            1   0.58823529 
   37000          960   -403277.14         4600           14            1   0.58823529 
   38000          960   -403284.66         5600           16            1   0.58823529 
   39000          960   -403297.74         6600           18            1   0.58823529 
   40000          960   -403298.83         7600           20            1   0.58823529 
   40500          960   -403295.38         8100           21            1   0.58823529 
   40500          950   -403295.38            0            0            1   0.58823529 
   41000          950   -403290.92          500            1            1   0.58823529 
   42000          950   -403291.69         1500            5            1   0.58823529 
   43000          950    -403290.7         2500            8            1   0.58823529 
   44000          950   -403289.68         3500           11            1   0.58823529 
   45000          950   -403292.08         4500           16            1   0.58823529 
   46000          950   -403291.24         5500           20            1   0.58823529 
   47000          950   -403288.68         6500           26            1   0.58823529 
   48000          950   -403280.42         7500           32            1   0.58823529 
   48600          950   -403290.82         8100           38            1   0.58823529 
   48600          940   -403290.82            0            0            1   0.58823529 
   49000          940   -403296.08          400            1   0.99652778   0.58986928 
   50000          940   -403297.19         1400            2   0.99652778   0.58986928 
   51000          940    -403295.5         2400            6   0.99652778   0.58986928 
   52000          940   -403290.95         3400            7   0.99652778   0.58986928 
   53000          940   -403291.72         4400            8   0.99652778   0.58986928 
   54000          940   -403291.72         5400            8   0.99652778   0.58986928 
   55000          940   -403301.38         6400           11   0.99652778   0.58986928 
   56000          940   -403305.57         7400           12            1   0.58823529 
   56700          940   -403305.57         8100           12            1   0.58823529 
   56700          930   -403305.57            0            0            1   0.58823529 
   57000          930   -403303.77          300            1            1   0.58823529 
   58000          930   -403302.03         1300            3            1   0.58823529 
   59000          930   -403299.82         2300            6            1   0.58823529 
   60000          930   -403311.53         3300            9            1   0.58823529 
   61000          930   -403311.53         4300            9            1   0.58823529 
   62000          930   -403313.51         5300           14            1   0.58823529 
   63000          930   -403321.77         6300           17            1   0.58823529 
   64000          930   -403316.31         7300           19            1   0.58823529 
   64800          930   -403314.61         8100           21            1   0.58823529 
   64800          920   -403314.61            0            0            1   0.58823529 
   65000          920   -403314.61          200            0            1   0.58823529 
   66000          920   -403310.15         1200            1            1   0.58823529 
   67000          920   -403303.61         2200            4            1   0.58823529 
   68000          920   -403303.48         3200            8            1   0.58823529 
   69000          920   -403308.84         4200           10            1   0.58823529 
   70000          920   -403308.84         5200           10            1   0.58823529 
   71000          920   -403302.45         6200           17            1   0.58823529 
   72000          920   -403310.54         7200           19            1   0.58823529 
   72900          920   -403310.69         8100           20            1   0.58823529 
   72900          910   -403310.69            0            0            1   0.58823529 
   73000          910   -403310.69          100            0            1   0.58823529 
   74000          910   -403306.01         1100            4   0.99652778   0.58986928 
   75000          910   -403302.74         2100            7   0.99652778   0.58986928 
   76000          910   -403314.62         3100           15            1   0.58823529 
   77000          910   -403322.02         4100           20            1   0.58823529 
   78000          910   -403335.71         5100           25            1   0.58823529 
   79000          910   -403341.66         6100           27            1   0.58823529 
   80000          910   -403338.28         7100           30            1   0.58823529 
   81000          910    -403341.4         8100           31            1   0.58823529 
   81000          900    -403341.4            0            0            1   0.58823529 
   82000          900   -403343.11         1000            2            1   0.58823529 
   83000          900   -403340.73         2000            4            1   0.58823529 
   84000          900   -403340.73         3000            4            1   0.58823529 
   85000          900   -403342.72         4000            5            1   0.58823529 
   86000          900    -403342.4         5000            7            1   0.58823529 
   87000          900   -403339.99         6000            9            1   0.58823529 
   88000          900   -403339.99         7000            9            1   0.58823529 
   89000          900   -403343.84         8000           11            1   0.58823529 
   89100          900   -403343.84         8100           11            1   0.58823529 
   89100          890   -403343.84            0            0            1   0.58823529 
   90000          890   -403338.03          900            4            1   0.58823529 
   91000          890   -403342.75         1900            7            1   0.58823529 
   92000          890   -403337.66         2900           11            1   0.58823529 
   93000          890   -403332.66         3900           13            1   0.58823529 
   94000          890   -403337.27         4900           20            1   0.58823529 
   95000          890   -403344.93         5900           22            1   0.58823529 
   96000          890   -403344.93         6900           22            1   0.58823529 
   97000          890   -403344.93         7900           22            1   0.58823529 
   97200          890   -403344.93         8100           22            1   0.58823529 
   97200          880   -403344.93            0            0            1   0.58823529 
   98000          880   -403350.99          800            2            1   0.58823529 
   99000          880   -403350.99         1800            2            1   0.58823529 
  100000          880   -403351.51         2800            3            1   0.58823529 
  101000          880   -403351.51         3800            3            1   0.58823529 
  102000          880   -403352.37         4800            4            1   0.58823529 
  103000          880   -403348.11         5800            8            1   0.58823529 
  104000          880   -403351.74         6800           11            1   0.58823529 
  105000          880   -403349.54         7800           14            1   0.58823529 
  105300          880   -403349.54         8100           14            1   0.58823529 
  105300          870   -403349.54            0            0            1   0.58823529 
  106000          870   -403343.02          700            5            1   0.58823529 
  107000          870    -403359.3         1700            9            1   0.58823529 
  108000          870   -403365.72         2700           11            1   0.58823529 
  109000          870   -403365.72         3700           11            1   0.58823529 
  110000          870   -403368.08         4700           15            1   0.58823529 
  111000          870   -403369.49         5700           16            1   0.58823529 
  112000          870    -403372.9         6700           19            1   0.58823529 
  113000          870   -403373.47         7700           20            1   0.58823529 
  113400          870   -403373.47         8100           20            1   0.58823529 
  113400          860   -403373.47            0            0            1   0.58823529 
  114000          860   -403376.44          600            1            1   0.58823529 
  115000          860   -403379.03         1600            2            1   0.58823529 
  116000          860   -403376.71         2600            3            1   0.58823529 
  117000          860   -403378.79         3600            9            1   0.58823529 
  118000          860   -403378.53         4600           10            1   0.58823529 
  119000          860   -403378.53         5600           10            1   0.58823529 
  120000          860   -403376.23         6600           14            1   0.58823529 
  121000          860   -403376.23         7600           14            1   0.58823529 
  121500          860   -403372.99         8100           15            1   0.58823529 
  121500          850   -403372.99            0            0            1   0.58823529 
  122000          850   -403372.99          500            0            1   0.58823529 
  123000          850   -403372.99         1500            0            1   0.58823529 
  124000          850   -403375.01         2500            1            1   0.58823529 
  125000          850   -403373.79         3500            2            1   0.58823529 
  126000          850   -403373.54         4500            5            1   0.58823529 
  127000          850   -403377.29         5500            8            1   0.58823529 
  128000          850   -403377.29         6500            8            1   0.58823529 
  129000          850   -403381.96         7500            9            1   0.58823529 
  129600          850   -403381.96         8100            9            1   0.58823529 
  129600          840   -403381.96            0            0            1   0.58823529 
  130000          840   -403381.96          400            0            1   0.58823529 
  131000          840   -403380.28         1400            2            1   0.58823529 
  132000          840   -403380.28         2400            2            1   0.58823529 
  133000          840   -403378.79         3400            4            1   0.58823529 
  134000          840   -403379.39         4400            5            1   0.58823529 
  135000          840   -403375.33         5400            6            1   0.58823529 
  136000          840   -403386.24         6400            9            1   0.58823529 
  137000          840   -403386.24         7400            9            1   0.58823529 
  137700          840    -403383.9         8100           10            1   0.58823529 
  137700          830    -403383.9            0            0            1   0.58823529 
  138000          830    -403383.9          300            0            1   0.58823529 
  139000          830   -403380.17         1300            1            1   0.58823529 
  140000          830   -403386.13         2300            2            1   0.58823529 
  141000          830   -403386.18         3300            3            1   0.58823529 
  142000          830   -403386.18         4300            3            1   0.58823529 
  143000          830   -403383.59         5300            4            1   0.58823529 
  144000          830   -403383.59         6300            4            1   0.58823529 
  145000          830   -403383.59         7300            4            1   0.58823529 
  145800          830   -403383.59         8100            4            1   0.58823529 
  145800          820   -403383.59            0            0            1   0.58823529 
  146000          820   -403383.59          200            0            1   0.58823529 
  147000          820   -403383.59         1200            0            1   0.58823529 
  148000          820   -403385.55         2200            2            1   0.58823529 
  149000          820   -403386.28         3200            4            1   0.58823529 
  150000          820   -403386.17         4200            5            1   0.58823529 
  151000          820   -403384.38         5200            6            1   0.58823529 
  152000          820   -403381.46         6200            8            1   0.58823529 
  153000          820   -403383.39         7200            9            1   0.58823529 
  153900          820   -403383.39         8100            9            1   0.58823529 
  153900          810   -403383.39            0            0            1   0.58823529 
  154000          810   -403383.39          100            0            1   0.58823529 
  155000          810   -403383.39         1100            0            1   0.58823529 
  156000          810   -403383.39         2100            0            1   0.58823529 
  157000          810   -403384.18         3100            2            1   0.58823529 
  158000          810    -403385.1         4100            5            1   0.58823529 
  159000          810    -403385.1         5100            5            1   0.58823529 
  160000          810    -403385.1         6100            5            1   0.58823529 
  161000          810   -403385.25         7100            6            1   0.58823529 
  162000          810   -403385.54         8100            7            1   0.58823529 
  162000          800   -403385.54            0            0            1   0.58823529 
  163000          800   -403385.54         1000            0            1   0.58823529 
  164000          800   -403385.54         2000            0            1   0.58823529 
  165000          800   -403383.49         3000            3            1   0.58823529 
  166000          800   -403387.87         4000            4            1   0.58823529 
  167000          800   -403387.87         5000            4            1   0.58823529 
  168000          800   -403392.17         6000            8            1   0.58823529 
  169000          800   -403392.17         7000            8            1   0.58823529 
  170000          800   -403392.17         8000            8            1   0.58823529 
  170100          800   -403392.17         8100            8            1   0.58823529 
  170100          790   -403392.17            0            0            1   0.58823529 
  171000          790   -403392.17          900            0            1   0.58823529 
  172000          790   -403383.62         1900            3            1   0.58823529 
  173000          790   -403392.73         2900            5            1   0.58823529 
  174000          790    -403393.8         3900            6            1   0.58823529 
  175000          790   -403398.11         4900            9            1   0.58823529 
  176000          790   -403398.11         5900            9            1   0.58823529 
  177000          790   -403397.65         6900           10            1   0.58823529 
  178000          790   -403396.68         7900           11            1   0.58823529 
  178200          790   -403396.68         8100           11            1   0.58823529 
  178200          780   -403396.68            0            0            1   0.58823529 
  179000          780   -403396.68          800            0            1   0.58823529 
  180000          780   -403396.68         1800            0            1   0.58823529 
  181000          780    -403398.2         2800            1            1   0.58823529 
  182000          780    -403398.2         3800            1            1   0.58823529 
  183000          780    -403398.2         4800            1            1   0.58823529 
  184000          780    -403398.2         5800            1            1   0.58823529 
  185000          780   -403396.96         6800            3            1   0.58823529 
  186000          780   -403399.28         7800            4            1   0.58823529 
  186300          780   -403399.28         8100            4            1   0.58823529 
  186300          770   -403399.28            0            0            1   0.58823529 
  187000          770   -403396.66          700            1            1   0.58823529 
  188000          770   -403396.66         1700            1            1   0.58823529 
  189000          770   -403394.28         2700            3            1   0.58823529 
  190000          770   -403394.28         3700            3            1   0.58823529 
  191000          770   -403394.28         4700            3            1   0.58823529 
  192000          770   -403394.28         5700            3            1   0.58823529 
  193000          770   -403394.28         6700            3            1   0.58823529 
  194000          770   -403394.28         7700            3            1   0.58823529 
  194400          770   -403394.28         8100            3            1   0.58823529 
  194400          760   -403394.28            0            0            1   0.58823529 
  195000          760   -403394.28          600            0            1   0.58823529 
  196000          760   -403394.28         1600            0            1   0.58823529 
  197000          760   -403391.17         2600            1            1   0.58823529 
  198000          760   -403390.88         3600            2            1   0.58823529 
  199000          760   -403390.71         4600            3            1   0.58823529 
  200000          760   -403386.92         5600            5            1   0.58823529 
  201000          760   -403387.05         6600            7            1   0.58823529 
  202000          760   -403387.05         7600            7            1   0.58823529 
  202500          760   -403387.05         8100            7            1   0.58823529 
  202500          750   -403387.05            0            0            1   0.58823529 
  203000          750   -403387.05          500            0            1   0.58823529 
  204000          750   -403387.05         1500            0            1   0.58823529 
  205000          750   -403389.88         2500            3            1   0.58823529 
  206000          750   -403389.55         3500            4            1   0.58823529 
  207000          750   -403389.55         4500            4            1   0.58823529 
  208000          750   -403389.55         5500            4            1   0.58823529 
  209000          750   -403389.55         6500            4            1   0.58823529 
  210000          750   -403389.55         7500            4            1   0.58823529 
  210600          750    -403389.5         8100            5            1   0.58823529 
  210600          740    -403389.5            0            0            1   0.58823529 
  211000          740   -403386.35          400            3            1   0.58823529 
  212000          740    -403386.9         1400            4            1   0.58823529 
  213000          740   -403387.21         2400            7            1   0.58823529 
  214000          740   -403403.33         3400           10            1   0.58823529 
  215000          740   -403401.52         4400           12            1   0.58823529 
  216000          740    -403403.4         5400           14            1   0.58823529 
  217000          740    -403403.4         6400           14            1   0.58823529 
  218000          740    -403403.4         7400           14            1   0.58823529 
  218700          740    -403403.4         8100           14            1   0.58823529 
  218700          730    -403403.4            0            0            1   0.58823529 
  219000          730    -403403.4          300            0            1   0.58823529 
  220000          730   -403407.32         1300            1            1   0.58823529 
  221000          730   -403407.32         2300            1            1   0.58823529 
  222000          730   -403407.32         3300            1            1   0.58823529 
  223000          730   -403407.32         4300            1            1   0.58823529 
  224000          730   -403407.32         5300            1            1   0.58823529 
  225000          730   -403405.95         6300            2            1   0.58823529 
  226000          730   -403403.82         7300            5            1   0.58823529 
  226800          730   -403403.82         8100            5            1   0.58823529 
  226800          720   -403403.82            0            0            1   0.58823529 
  227000          720   -403403.82          200            0            1   0.58823529 
  228000          720   -403398.39         1200            4            1   0.58823529 
  229000          720    -403399.8         2200            5            1   0.58823529 
  230000          720   -403401.42         3200            6            1   0.58823529 
  231000          720   -403407.94         4200            9            1   0.58823529 
  232000          720   -403407.98         5200           10            1   0.58823529 
  233000          720   -403401.75         6200           12            1   0.58823529 
  234000          720   -403399.84         7200           15            1   0.58823529 
  234900          720   -403401.64         8100           16            1   0.58823529 
  234900          710   -403401.64            0            0            1   0.58823529 
  235000          710   -403401.64          100            0            1   0.58823529 
  236000          710   -403401.64         1100            0            1   0.58823529 
  237000          710   -403404.32         2100            2            1   0.58823529 
  238000          710   -403402.84         3100            3            1   0.58823529 
  239000          710   -403403.42         4100            8            1   0.58823529 
  240000          710   -403402.32         5100            9            1   0.58823529 
  241000          710   -403411.52         6100           12            1   0.58823529 
  242000          710   -403415.84         7100           13            1   0.58823529 
  243000          710   -403415.84         8100           13            1   0.58823529 
  243000          700   -403415.84            0            0            1   0.58823529 
  244000          700   -403415.84         1000            0            1   0.58823529 
  245000          700   -403422.17         2000            1            1   0.58823529 
  246000          700   -403410.64         3000            2            1   0.58823529 
  247000          700   -403410.64         4000            2            1   0.58823529 
  248000          700   -403410.64         5000            2            1   0.58823529 
  249000          700   -403410.64         6000            2            1   0.58823529 
  250000          700   -403410.64         7000            2            1   0.58823529 
  251000          700    -403410.8         8000            3            1   0.58823529 
  251100          700    -403410.8         8100            3            1   0.58823529 
  251100          690    -403410.8            0            0            1   0.58823529 
  252000          690    -403410.8          900            0            1   0.58823529 
  253000          690    -403410.8         1900            0            1   0.58823529 
  254000          690    -403410.8         2900            0            1   0.58823529 
  255000          690   -403411.05         3900            1            1   0.58823529 
  256000          690   -403411.05         4900            1            1   0.58823529 
  257000          690   -403409.57         5900            2            1   0.58823529 
  258000          690    -403409.6         6900            3            1   0.58823529 
  259000          690    -403409.6         7900            3            1   0.58823529 
  259200          690    -403409.6         8100            3            1   0.58823529 
  259200          680    -403409.6            0            0            1   0.58823529 
  260000          680    -403409.6          800            0            1   0.58823529 
  261000          680    -403409.6         1800            0            1   0.58823529 
  262000          680    -403409.6         2800            0            1   0.58823529 
  263000          680   -403412.56         3800            4            1   0.58823529 
  264000          680   -403412.56         4800            4            1   0.58823529 
  265000          680   -403409.59         5800            5            1   0.58823529 
  266000          680   -403409.53         6800            6            1   0.58823529 
  267000          680   -403409.51         7800            8            1   0.58823529 
  267300          680   -403409.51         8100            8            1   0.58823529 
  267300          670   -403409.51            0            0            1   0.58823529 
  268000          670   -403407.75          700            1            1   0.58823529 
  269000          670   -403407.75         1700            1            1   0.58823529 
  270000          670   -403410.28         2700            3            1   0.58823529 
  271000          670   -403410.28         3700            3            1   0.58823529 
  272000          670   -403412.93         4700            4            1   0.58823529 
  273000          670   -403414.47         5700            5            1   0.58823529 
  274000          670   -403414.47         6700            5            1   0.58823529 
  275000          670   -403415.18         7700            6            1   0.58823529 
  275400          670   -403415.18         8100            6            1   0.58823529 
  275400          660   -403415.18            0            0            1   0.58823529 
  276000          660   -403410.53          600            1            1   0.58823529 
  277000          660   -403411.51         1600            3            1   0.58823529 
  278000          660   -403411.51         2600            3            1   0.58823529 
  279000          660   -403412.43         3600            4            1   0.58823529 
  280000          660   -403412.43         4600            4            1   0.58823529 
  281000          660   -403412.43         5600            4            1   0.58823529 
  282000          660   -403412.43         6600            4            1   0.58823529 
  283000          660   -403409.99         7600            5            1   0.58823529 
  283500          660   -403409.27         8100            7            1   0.58823529 
  283500          650   -403409.27            0            0            1   0.58823529 
  284000          650   -403409.92          500            1            1   0.58823529 
  285000          650   -403411.88         1500            4            1   0.58823529 
  286000          650   -403412.92         2500            6            1   0.58823529 
  287000          650   -403412.92         3500            6            1   0.58823529 
  288000          650   -403412.92         4500            6            1   0.58823529 
  289000          650   -403413.06         5500            7            1   0.58823529 
  290000          650   -403413.06         6500            7            1   0.58823529 
  291000          650   -403412.75         7500            9            1   0.58823529 
  291600          650   -403412.75         8100            9            1   0.58823529 
  291600          640   -403412.75            0            0            1   0.58823529 
  292000          640   -403419.42          400            1            1   0.58823529 
  293000          640   -403419.42         1400            1            1   0.58823529 
  294000          640   -403419.42         2400            1            1   0.58823529 
  295000          640   -403419.42         3400            1            1   0.58823529 
  296000          640   -403419.42         4400            1            1   0.58823529 
  297000          640   -403420.38         5400            3            1   0.58823529 
  298000          640   -403417.44         6400            4            1   0.58823529 
  299000          640   -403417.44         7400            4            1   0.58823529 
  299700          640   -403417.93         8100            5            1   0.58823529 
  299700          630   -403417.93            0            0            1   0.58823529 
  300000          630   -403421.72          300            2            1   0.58823529 
  301000          630   -403424.07         1300            4            1   0.58823529 
  302000          630   -403424.07         2300            4            1   0.58823529 
  303000          630   -403424.15         3300            5            1   0.58823529 
  304000          630    -403423.5         4300            6            1   0.58823529 
  305000          630    -403423.5         5300            6            1   0.58823529 
  306000          630   -403423.92         6300            8            1   0.58823529 
  307000          630   -403423.92         7300            8            1   0.58823529 
  307800          630   -403423.92         8100            8            1   0.58823529 
  307800          620   -403423.92            0            0            1   0.58823529 
  308000          620   -403423.92          200            0            1   0.58823529 
  309000          620   -403423.92         1200            0            1   0.58823529 
  310000          620   -403423.92         2200            0            1   0.58823529 
  311000          620   -403423.92         3200            0            1   0.58823529 
  312000          620   -403423.92         4200            0            1   0.58823529 
  313000          620   -403423.92         5200            0            1   0.58823529 
  314000          620    -403422.2         6200            1            1   0.58823529 
  315000          620   -403421.94         7200            3            1   0.58823529 
  315900          620   -403421.94         8100            3            1   0.58823529 
  315900          610   -403421.94            0            0            1   0.58823529 
  316000          610   -403421.94          100            0            1   0.58823529 
  317000          610   -403421.94         1100            0            1   0.58823529 
  318000          610   -403423.31         2100            1            1   0.58823529 
  319000          610   -403418.25         3100            3            1   0.58823529 
  320000          610   -403418.25         4100            3            1   0.58823529 
  321000          610    -403416.1         5100            5            1   0.58823529 
  322000          610   -403415.76         6100            6            1   0.58823529 
  323000          610   -403415.76         7100            6            1   0.58823529 
  324000          610   -403413.16         8100            7            1   0.58823529 
  324000          600   -403413.16            0            0            1   0.58823529 
  325000          600   -403413.16         1000            0            1   0.58823529 
  326000          600   -403413.16         2000            0            1   0.58823529 
  327000          600   -403413.16         3000            0            1   0.58823529 
  328000          600   -403415.26         4000            1            1   0.58823529 
  329000          600   -403415.62         5000            2            1   0.58823529 
  330000          600   -403418.84         6000            4            1   0.58823529 
  331000          600   -403418.84         7000            4            1   0.58823529 
  332000          600   -403421.87         8000            6            1   0.58823529 
  332100          600   -403421.87         8100            6            1   0.58823529 
  332100          590   -403421.87            0            0            1   0.58823529 
  333000          590   -403421.87          900            0            1   0.58823529 
  334000          590   -403421.87         1900            0            1   0.58823529 
  335000          590   -403421.87         2900            0            1   0.58823529 
  336000          590   -403425.87         3900            1            1   0.58823529 
  337000          590   -403425.42         4900            2            1   0.58823529 
  338000          590   -403422.91         5900            3            1   0.58823529 
  339000          590    -403420.4         6900            5            1   0.58823529 
  340000          590    -403420.4         7900            5            1   0.58823529 
  340200          590    -403420.4         8100            5            1   0.58823529 
  340200          580    -403420.4            0            0            1   0.58823529 
  341000          580   -403419.54          800            2            1   0.58823529 
  342000          580   -403419.54         1800            2            1   0.58823529 
  343000          580      -403420         2800            3            1   0.58823529 
  344000          580      -403420         3800            3            1   0.58823529 
  345000          580   -403420.18         4800            4            1   0.58823529 
  346000          580   -403420.18         5800            4            1   0.58823529 
  347000          580   -403420.18         6800            4            1   0.58823529 
  348000          580   -403420.18         7800            4            1   0.58823529 
  348300          580   -403422.19         8100            5            1   0.58823529 
  348300          570   -403422.19            0            0            1   0.58823529 
  349000          570   -403422.19          700            0            1   0.58823529 
  350000          570   -403420.49         1700            1            1   0.58823529 
  351000          570   -403420.97         2700            2            1   0.58823529 
  352000          570   -403420.97         3700            2            1   0.58823529 
  353000          570   -403420.97         4700            2            1   0.58823529 
  354000          570   -403420.97         5700            2            1   0.58823529 
  355000          570   -403420.97         6700            2            1   0.58823529 
  356000          570   -403420.97         7700            2            1   0.58823529 
  356400          570   -403420.97         8100            2            1   0.58823529 
  356400          560   -403420.97            0            0            1   0.58823529 
  357000          560   -403420.97          600            0            1   0.58823529 
  358000          560   -403421.73         1600            2            1   0.58823529 
  359000          560   -403419.45         2600            3            1   0.58823529 
  360000          560   -403419.45         3600            3            1   0.58823529 
  361000          560   -403419.45         4600            3            1   0.58823529 
  362000          560   -403419.18         5600            4            1   0.58823529 
  363000          560   -403419.18         6600            4            1   0.58823529 
  364000          560   -403418.47         7600            5            1   0.58823529 
  364500          560   -403418.47         8100            5            1   0.58823529 
  364500          550   -403418.47            0            0            1   0.58823529 
  365000          550   -403418.47          500            0            1   0.58823529 
  366000          550   -403418.47         1500            0            1   0.58823529 
  367000          550   -403415.51         2500            1            1   0.58823529 
  368000          550   -403418.48         3500            2            1   0.58823529 
  369000          550   -403420.79         4500            3            1   0.58823529 
  370000          550   -403419.93         5500            4            1   0.58823529 
  371000          550   -403420.26         6500            5            1   0.58823529 
  372000          550   -403417.87         7500            6            1   0.58823529 
  372600          550   -403417.87         8100            6            1   0.58823529 
  372600          540   -403417.87            0            0            1   0.58823529 
  373000          540   -403417.87          400            0            1   0.58823529 
  374000          540   -403421.29         1400            1            1   0.58823529 
  375000          540   -403421.29         2400            1            1   0.58823529 
  376000          540   -403421.29         3400            1            1   0.58823529 
  377000          540   -403421.29         4400            1            1   0.58823529 
  378000          540   -403421.29         5400            1            1   0.58823529 
  379000          540   -403421.29         6400            1            1   0.58823529 
  380000          540   -403421.29         7400            1            1   0.58823529 
  380700          540   -403421.29         8100            1            1   0.58823529 
  380700          530   -403421.29            0            0            1   0.58823529 
  381000          530   -403421.29          300            0            1   0.58823529 
  382000          530   -403418.87         1300            1            1   0.58823529 
  383000          530   -403418.87         2300            1            1   0.58823529 
  384000          530   -403418.87         3300            1            1   0.58823529 
  385000          530   -403418.87         4300            1            1   0.58823529 
  386000          530   -403418.24         5300            2            1   0.58823529 
  387000          530   -403418.12         6300            3            1   0.58823529 
  388000          530   -403418.12         7300            3            1   0.58823529 
  388800          530   -403417.87         8100            6            1   0.58823529 
  388800          520   -403417.87            0            0            1   0.58823529 
  389000          520      -403417          200            1            1   0.58823529 
  390000          520   -403415.52         1200            3            1   0.58823529 
  391000          520   -403414.47         2200            5            1   0.58823529 
  392000          520   -403413.58         3200            9            1   0.58823529 
  393000          520   -403413.58         4200            9            1   0.58823529 
  394000          520   -403413.58         5200            9            1   0.58823529 
  395000          520   -403413.58         6200            9            1   0.58823529 
  396000          520   -403413.62         7200           10            1   0.58823529 
  396900          520   -403413.62         8100           10            1   0.58823529 
  396900          510   -403413.62            0            0            1   0.58823529 
  397000          510   -403413.62          100            0            1   0.58823529 
  398000          510   -403413.62         1100            0            1   0.58823529 
  399000          510   -403417.39         2100            2            1   0.58823529 
  400000          510   -403417.85         3100            3            1   0.58823529 
  401000          510   -403417.85         4100            3            1   0.58823529 
  402000          510   -403417.85         5100            3            1   0.58823529 
  403000          510   -403416.83         6100            4            1   0.58823529 
  404000          510   -403416.83         7100            4            1   0.58823529 
  405000          510   -403419.18         8100            5            1   0.58823529 
  405000          500   -403419.18            0            0            1   0.58823529 
  406000          500   -403421.14         1000            2            1   0.58823529 
  407000          500   -403421.14         2000            2            1   0.58823529 
  408000          500   -403421.14         3000            2            1   0.58823529 
  409000          500   -403421.14         4000            2            1   0.58823529 
  410000          500   -403421.14         5000            2            1   0.58823529 
  411000          500   -403421.14         6000            2            1   0.58823529 
  412000          500   -403421.14         7000            2            1   0.58823529 
  413000          500   -403421.14         8000            2            1   0.58823529 
  413100          500   -403421.14         8100            2            1   0.58823529 
  413100          490   -403421.14            0            0            1   0.58823529 
  414000          490   -403421.14          900            0            1   0.58823529 
  415000          490   -403421.14         1900            0            1   0.58823529 
  416000          490   -403421.14         2900            0            1   0.58823529 
  417000          490   -403421.14         3900            0            1   0.58823529 
  418000          490   -403421.14         4900            0            1   0.58823529 
  419000          490   -403421.14         5900            0            1   0.58823529 
  420000          490   -403421.14         6900            0            1   0.58823529 
  421000          490   -403421.14         7900            0            1   0.58823529 
  421200          490   -403421.14         8100            0            1   0.58823529 
  421200          480   -403421.14            0            0            1   0.58823529 
  422000          480   -403421.14          800            0            1   0.58823529 
  423000          480   -403421.14         1800            0            1   0.58823529 
  424000          480   -403421.14         2800            0            1   0.58823529 
  425000          480   -403421.14         3800            0            1   0.58823529 
  426000          480   -403421.14         4800            0            1   0.58823529 
  427000          480   -403421.14         5800            0            1   0.58823529 
  428000          480   -403421.14         6800            0            1   0.58823529 
  429000          480   -403421.14         7800            0            1   0.58823529 
  429300          480   -403421.14         8100            0            1   0.58823529 
  429300          470   -403421.14            0            0            1   0.58823529 
  430000          470   -403421.14          700            0            1   0.58823529 
  431000          470   -403421.14         1700            0            1   0.58823529 
  432000          470   -403421.14         2700            0            1   0.58823529 
  433000          470   -403421.14         3700            0            1   0.58823529 
  434000          470   -403421.14         4700            0            1   0.58823529 
  435000          470   -403421.14         5700            0            1   0.58823529 
  436000          470   -403421.14         6700            0            1   0.58823529 
  437000          470   -403421.14         7700            0            1   0.58823529 
  437400          470   -403421.14         8100            0            1   0.58823529 
  437400          460   -403421.14            0            0            1   0.58823529 
  438000          460   -403421.14          600            0            1   0.58823529 
  439000          460   -403421.14         1600            0            1   0.58823529 
  440000          460   -403426.73         2600            1            1   0.58823529 
  441000          460    -403426.7         3600            2            1   0.58823529 
  442000          460    -403426.7         4600            2            1   0.58823529 
  443000          460    -403426.7         5600            2            1   0.58823529 
  444000          460   -403428.98         6600            3            1   0.58823529 
  445000          460   -403428.98         7600            3            1   0.58823529 
  445500          460   -403428.98         8100            3            1   0.58823529 
  445500          450   -403428.98            0            0            1   0.58823529 
  446000          450   -403428.98          500            0            1   0.58823529 
  447000          450   -403428.98         1500            0            1   0.58823529 
  448000          450   -403428.98         2500            0            1   0.58823529 
  449000          450   -403428.98         3500            0            1   0.58823529 
  450000          450   -403434.13         4500            1            1   0.58823529 
  451000          450   -403434.13         5500            1            1   0.58823529 
  452000          450   -403434.13         6500            1            1   0.58823529 
  453000          450   -403434.13         7500            1            1   0.58823529 
  453600          450   -403434.13         8100            1            1   0.58823529 
  453600          440   -403434.13            0            0            1   0.58823529 
  454000          440   -403434.13          400            0            1   0.58823529 
  455000          440   -403434.13         1400            0            1   0.58823529 
  456000          440   -403434.13         2400            0            1   0.58823529 
  457000          440   -403434.13         3400            0            1   0.58823529 
  458000          440   -403434.32         4400            1            1   0.58823529 
  459000          440   -403434.32         5400            1            1   0.58823529 
  460000          440   -403434.32         6400            1            1   0.58823529 
  461000          440   -403434.32         7400            1            1   0.58823529 
  461700          440   -403434.32         8100            1            1   0.58823529 
  461700          430   -403434.32            0            0            1   0.58823529 
  462000          430   -403434.32          300            0            1   0.58823529 
  463000          430   -403434.32         1300            0            1   0.58823529 
  464000          430   -403434.32         2300            0            1   0.58823529 
  465000          430   -403434.32         3300            0            1   0.58823529 
  466000          430   -403433.86         4300            1            1   0.58823529 
  467000          430   -403433.86         5300            1            1   0.58823529 
  468000          430   -403432.82         6300            2            1   0.58823529 
  469000          430   -403432.82         7300            2            1   0.58823529 
  469800          430   -403432.82         8100            2            1   0.58823529 
  469800          420   -403432.82            0            0            1   0.58823529 
  470000          420   -403432.82          200            0            1   0.58823529 
  471000          420   -403432.82         1200            0            1   0.58823529 
  472000          420   -403432.82         2200            0            1   0.58823529 
  473000          420   -403432.82         3200            0            1   0.58823529 
  474000          420   -403432.82         4200            0            1   0.58823529 
  475000          420   -403432.82         5200            0            1   0.58823529 
  476000          420   -403432.82         6200            0            1   0.58823529 
  477000          420   -403432.82         7200            0            1   0.58823529 
  477900          420   -403432.82         8100            0            1   0.58823529 
  477900          410   -403432.82            0            0            1   0.58823529 
  478000          410   -403432.82          100            0            1   0.58823529 
  479000          410   -403432.82         1100            0            1   0.58823529 
  480000          410   -403432.82         2100            0            1   0.58823529 
  481000          410   -403432.82         3100            0            1   0.58823529 
  482000          410   -403432.82         4100            0            1   0.58823529 
  483000          410   -403432.82         5100            0            1   0.58823529 
  484000          410   -403432.82         6100            0            1   0.58823529 
  485000          410   -403432.82         7100            0            1   0.58823529 
  486000          410   -403432.82         8100            0            1   0.58823529 
  486000          400   -403432.82            0            0            1   0.58823529 
  487000          400   -403430.49         1000            1            1   0.58823529 
  488000          400   -403430.49         2000            1            1   0.58823529 
  489000          400   -403430.49         3000            1            1   0.58823529 
  490000          400   -403430.49         4000            1            1   0.58823529 
  491000          400   -403430.49         5000            1            1   0.58823529 
  492000          400   -403430.49         6000            1            1   0.58823529 
  493000          400   -403431.14         7000            2            1   0.58823529 
  494000          400   -403431.14         8000            2            1   0.58823529 
  494100          400   -403431.14         8100            2            1   0.58823529 
  494100          390   -403431.14            0            0            1   0.58823529 
  495000          390   -403431.14          900            0            1   0.58823529 
  496000          390   -403431.14         1900            0            1   0.58823529 
  497000          390   -403431.14         2900            0            1   0.58823529 
  498000          390   -403431.14         3900            0            1   0.58823529 
  499000          390   -403431.14         4900            0            1   0.58823529 
  500000          390   -403431.14         5900            0            1   0.58823529 
  501000          390   -403431.14         6900            0            1   0.58823529 
  502000          390   -403430.38         7900            1            1   0.58823529 
  502200          390    -403430.5         8100            2            1   0.58823529 
  502200          380    -403430.5            0            0            1   0.58823529 
  503000          380    -403430.5          800            0            1   0.58823529 
  504000          380    -403430.5         1800            0            1   0.58823529 
  505000          380    -403430.5         2800            0            1   0.58823529 
  506000          380    -403430.5         3800            0            1   0.58823529 
  507000          380    -403430.5         4800            0            1   0.58823529 
  508000          380    -403430.5         5800            0            1   0.58823529 
  509000          380    -403430.5         6800            0            1   0.58823529 
  510000          380    -403430.5         7800            0            1   0.58823529 
  510300          380    -403430.5         8100            0            1   0.58823529 
  510300          370    -403430.5            0            0            1   0.58823529 
  511000          370    -403430.5          700            0            1   0.58823529 
  512000          370   -403430.45         1700            1            1   0.58823529 
  513000          370   -403430.45         2700            1            1   0.58823529 
  514000          370   -403431.13         3700            2            1   0.58823529 
  515000          370   -403431.13         4700            2            1   0.58823529 
  516000          370   -403431.13         5700            2            1   0.58823529 
  517000          370   -403431.13         6700            2            1   0.58823529 
  518000          370   -403431.13         7700            2            1   0.58823529 
  518400          370   -403431.13         8100            2            1   0.58823529 
  518400          360   -403431.13            0            0            1   0.58823529 
  519000          360   -403431.13          600            0            1   0.58823529 
  520000          360   -403431.13         1600            0            1   0.58823529 
  521000          360   -403431.13         2600            0            1   0.58823529 
  522000          360   -403432.48         3600            1            1   0.58823529 
  523000          360   -403432.48         4600            1            1   0.58823529 
  524000          360   -403432.48         5600            1            1   0.58823529 
  525000          360   -403432.45         6600            2            1   0.58823529 
  526000          360   -403432.45         7600            2            1   0.58823529 
  526500          360   -403432.45         8100            2            1   0.58823529 
  526500          350   -403432.45            0            0            1   0.58823529 
  527000          350   -403432.45          500            0            1   0.58823529 
  528000          350   -403432.04         1500            1            1   0.58823529 
  529000          350   -403432.04         2500            1            1   0.58823529 
  530000          350   -403432.04         3500            1            1   0.58823529 
  531000          350   -403432.04         4500            1            1   0.58823529 
  532000          350   -403432.04         5500            1            1   0.58823529 
  533000          350   -403432.49         6500            2            1   0.58823529 
  534000          350   -403432.49         7500            2            1   0.58823529 
  534600          350   -403432.49         8100            2            1   0.58823529 
  534600          340   -403432.49            0            0            1   0.58823529 
  535000          340   -403432.49          400            0            1   0.58823529 
  536000          340   -403432.49         1400            0            1   0.58823529 
  537000          340   -403432.49         2400            0            1   0.58823529 
  538000          340   -403432.49         3400            0            1   0.58823529 
  539000          340   -403432.49         4400            0            1   0.58823529 
  540000          340   -403432.49         5400            0            1   0.58823529 
  541000          340   -403432.49         6400            0            1   0.58823529 
  542000          340   -403432.49         7400            0            1   0.58823529 
  542700          340   -403432.49         8100            0            1   0.58823529 
  542700          330   -403432.49            0            0            1   0.58823529 
  543000          330   -403432.49          300            0            1   0.58823529 
  544000          330   -403432.49         1300            0            1   0.58823529 
  545000          330   -403432.49         2300            0            1   0.58823529 
  546000          330   -403432.49         3300            0            1   0.58823529 
  547000          330   -403432.49         4300            0            1   0.58823529 
  548000          330   -403432.49         5300            0            1   0.58823529 
  549000          330   -403432.49         6300            0            1   0.58823529 
  550000          330   -403432.49         7300            0            1   0.58823529 
  550800          330   -403432.04         8100            1            1   0.58823529 
  550800          320   -403432.04            0            0            1   0.58823529 
  551000          320   -403432.04          200            0            1   0.58823529 
  552000          320   -403432.04         1200            0            1   0.58823529 
  553000          320   -403432.23         2200            1            1   0.58823529 
  554000          320   -403432.23         3200            1            1   0.58823529 
  555000          320   -403432.23         4200            1            1   0.58823529 
  556000          320   -403432.23         5200            1            1   0.58823529 
  557000          320   -403432.23         6200            1            1   0.58823529 
  558000          320   -403432.23         7200            1            1   0.58823529 
  558900          320   -403432.23         8100            1            1   0.58823529 
  558900          310   -403432.23            0            0            1   0.58823529 
  559000          310   -403432.23          100            0            1   0.58823529 
  560000          310   -403432.23         1100            0            1   0.58823529 
  561000          310   -403432.23         2100            0            1   0.58823529 
  562000          310   -403432.23         3100            0            1   0.58823529 
  563000          310   -403432.23         4100            0            1   0.58823529 
  564000          310   -403432.23         5100            0            1   0.58823529 
  565000          310   -403432.23         6100            0            1   0.58823529 
  566000          310   -403432.23         7100            0            1   0.58823529 
  567000          310   -403432.23         8100            0            1   0.58823529 
  567000          300   -403432.23            0            0            1   0.58823529 
  568000          300   -403432.23         1000            0            1   0.58823529 
  569000          300   -403432.23         2000            0            1   0.58823529 
  570000          300   -403432.23         3000            0            1   0.58823529 
  571000          300   -403431.47         4000            1            1   0.58823529 
  572000          300   -403431.47         5000            1            1   0.58823529 
  573000          300   -403431.47         6000            1            1   0.58823529 
  574000          300   -403431.47         7000            1            1   0.58823529 
  575000          300   -403431.47         8000            1            1   0.58823529 
  575100          300   -403431.47         8100            1            1   0.58823529 
  575100          290   -403431.47            0            0            1   0.58823529 
  576000          290   -403431.47          900            0            1   0.58823529 
  577000          290   -403431.47         1900            0            1   0.58823529 
  578000          290   -403431.47         2900            0            1   0.58823529 
  579000          290   -403431.47         3900            0            1   0.58823529 
  580000          290   -403431.47         4900            0            1   0.58823529 
  581000          290   -403431.47         5900            0            1   0.58823529 
  582000          290   -403429.79         6900            1            1   0.58823529 
  583000          290   -403429.79         7900            1            1   0.58823529 
  583200          290   -403429.79         8100            1            1   0.58823529 
  583200          280   -403429.79            0            0            1   0.58823529 
  584000          280   -403429.79          800            0            1   0.58823529 
  585000          280   -403429.79         1800            0            1   0.58823529 
  586000          280   -403429.79         2800            0            1   0.58823529 
  587000          280   -403430.59         3800            2            1   0.58823529 
  588000          280   -403430.59         4800            2            1   0.58823529 
  589000          280   -403430.59         5800            2            1   0.58823529 
  590000          280   -403430.59         6800            2            1   0.58823529 
  591000          280   -403430.59         7800            2            1   0.58823529 
  591300          280   -403430.59         8100            2            1   0.58823529 
  591300          270   -403430.59            0            0            1   0.58823529 
  592000          270   -403430.59          700            0            1   0.58823529 
  593000          270   -403431.92         1700            2            1   0.58823529 
  594000          270   -403431.92         2700            2            1   0.58823529 
  595000          270   -403431.92         3700            2            1   0.58823529 
  596000          270   -403431.92         4700            2            1   0.58823529 
  597000          270   -403431.92         5700            2            1   0.58823529 
  598000          270   -403431.92         6700            2            1   0.58823529 
  599000          270   -403434.98         7700            3            1   0.58823529 
  599400          270   -403434.98         8100            3            1   0.58823529 
  599400          260   -403434.98            0            0            1   0.58823529 
  600000          260   -403434.98          600            0            1   0.58823529 
  601000          260   -403434.98         1600            0            1   0.58823529 
  602000          260   -403434.98         2600            0            1   0.58823529 
  603000          260   -403434.98         3600            0            1   0.58823529 
  604000          260   -403434.98         4600            0            1   0.58823529 
  605000          260   -403434.98         5600            0            1   0.58823529 
  606000          260   -403434.98         6600            0            1   0.58823529 
  607000          260   -403434.98         7600            0            1   0.58823529 
  607500          260   -403434.98         8100            0            1   0.58823529 
  607500          250   -403434.98            0            0            1   0.58823529 
  608000          250   -403434.98          500            0            1   0.58823529 
  609000          250   -403434.98         1500            0            1   0.58823529 
  610000          250   -403434.98         2500            0            1   0.58823529 
  611000          250   -403434.98         3500            0            1   0.58823529 
  612000          250   -403434.98         4500            0            1   0.58823529 
  613000          250   -403434.98         5500            0            1   0.58823529 
  614000          250   -403434.98         6500            0            1   0.58823529 
  615000          250   -403434.98         7500            0            1   0.58823529 
  615600          250   -403434.98         8100            0            1   0.58823529 
  615600          240   -403434.98            0            0            1   0.58823529 
  616000          240   -403434.98          400            0            1   0.58823529 
  617000          240   -403433.96         1400            1            1   0.58823529 
  618000          240   -403433.96         2400            1            1   0.58823529 
  619000          240   -403433.96         3400            1            1   0.58823529 
  620000          240   -403433.96         4400            1            1   0.58823529 
  621000          240   -403433.96         5400            1            1   0.58823529 
  622000          240   -403431.49         6400            3            1   0.58823529 
  623000          240   -403431.49         7400            3            1   0.58823529 
  623700          240   -403431.49         8100            3            1   0.58823529 
  623700          230   -403431.49            0            0            1   0.58823529 
  624000          230   -403431.49          300            0            1   0.58823529 
  625000          230   -403431.49         1300            0            1   0.58823529 
  626000          230   -403435.22         2300            2            1   0.58823529 
  627000          230   -403435.22         3300            2            1   0.58823529 
  628000          230   -403435.22         4300            2            1   0.58823529 
  629000          230   -403435.22         5300            2            1   0.58823529 
  630000          230   -403435.22         6300            2            1   0.58823529 
  631000          230   -403435.22         7300            2            1   0.58823529 
  631800          230   -403435.22         8100            2            1   0.58823529 
  631800          220   -403435.22            0            0            1   0.58823529 
  632000          220   -403435.22          200            0            1   0.58823529 
  633000          220   -403435.22         1200            0            1   0.58823529 
  634000          220   -403435.22         2200            0            1   0.58823529 
  635000          220   -403435.22         3200            0            1   0.58823529 
  636000          220   -403435.22         4200            0            1   0.58823529 
  637000          220   -403435.22         5200            0            1   0.58823529 
  638000          220   -403435.84         6200            1            1   0.58823529 
  639000          220   -403435.59         7200            2            1   0.58823529 
  639900          220   -403435.59         8100            2            1   0.58823529 
  639900          210   -403435.59            0            0            1   0.58823529 
  640000          210   -403435.59          100            0            1   0.58823529 
  641000          210   -403435.59         1100            0            1   0.58823529 
  642000          210   -403435.59         2100            0            1   0.58823529 
  643000          210   -403435.59         3100            0            1   0.58823529 
  644000          210   -403435.59         4100            0            1   0.58823529 
  645000          210   -403435.33         5100            1            1   0.58823529 
  646000          210   -403435.03         6100            2            1   0.58823529 
  647000          210   -403435.03         7100            2            1   0.58823529 
  648000          210   -403435.03         8100            2            1   0.58823529 
  648000          200   -403435.03            0            0            1   0.58823529 
  649000          200   -403436.91         1000            1            1   0.58823529 
  650000          200   -403436.91         2000            1            1   0.58823529 
  651000          200   -403436.91         3000            1            1   0.58823529 
  652000          200   -403436.91         4000            1            1   0.58823529 
  653000          200   -403436.91         5000            1            1   0.58823529 
  654000          200   -403436.91         6000            1            1   0.58823529 
  655000          200   -403436.91         7000            1            1   0.58823529 
  656000          200   -403436.91         8000            1            1   0.58823529 
  656100          200   -403436.91         8100            1            1   0.58823529 
  656100          190   -403436.91            0            0            1   0.58823529 
  657000          190   -403436.91          900            0            1   0.58823529 
  658000          190   -403436.76         1900            1            1   0.58823529 
  659000          190   -403436.76         2900            1            1   0.58823529 
  660000          190   -403436.76         3900            1            1   0.58823529 
  661000          190   -403436.82         4900            2            1   0.58823529 
  662000          190   -403436.82         5900            2            1   0.58823529 
  663000          190   -403436.82         6900            2            1   0.58823529 
  664000          190   -403436.82         7900            2            1   0.58823529 
  664200          190   -403436.82         8100            2            1   0.58823529 
  664200          180   -403436.82            0            0            1   0.58823529 
  665000          180   -403436.82          800            0            1   0.58823529 
  666000          180   -403436.82         1800            0            1   0.58823529 
  667000          180   -403436.82         2800            0            1   0.58823529 
  668000          180   -403436.82         3800            0            1   0.58823529 
  669000          180   -403436.82         4800            0            1   0.58823529 
  670000          180   -403436.82         5800            0            1   0.58823529 
  671000          180   -403438.05         6800            1            1   0.58823529 
  672000          180   -403438.44         7800            2            1   0.58823529 
  672300          180   -403438.44         8100            2            1   0.58823529 
  672300          170   -403438.44            0            0            1   0.58823529 
  673000          170   -403437.96          700            1            1   0.58823529 
  674000          170   -403437.96         1700            1            1   0.58823529 
  675000          170   -403437.96         2700            1            1   0.58823529 
  676000          170   -403437.96         3700            1            1   0.58823529 
  677000          170   -403437.96         4700            1            1   0.58823529 
  678000          170   -403437.96         5700            1            1   0.58823529 
  679000          170   -403437.96         6700            1            1   0.58823529 
  680000          170   -403437.96         7700            1            1   0.58823529 
  680400          170   -403437.96         8100            1            1   0.58823529 
  680400          160   -403437.96            0            0            1   0.58823529 
  681000          160   -403439.67          600            2            1   0.58823529 
  682000          160   -403447.68         1600            3            1   0.58823529 
  683000          160   -403447.68         2600            3            1   0.58823529 
  684000          160   -403447.68         3600            3            1   0.58823529 
  685000          160   -403447.68         4600            3            1   0.58823529 
  686000          160   -403450.11         5600            4            1   0.58823529 
  687000          160   -403450.11         6600            4            1   0.58823529 
  688000          160   -403450.11         7600            4            1   0.58823529 
  688500          160   -403450.11         8100            4            1   0.58823529 
  688500          150   -403450.11            0            0            1   0.58823529 
  689000          150   -403450.11          500            0            1   0.58823529 
  690000          150   -403450.11         1500            0            1   0.58823529 
  691000          150   -403450.11         2500            0            1   0.58823529 
  692000          150   -403450.11         3500            0            1   0.58823529 
  693000          150   -403450.11         4500            0            1   0.58823529 
  694000          150   -403450.11         5500            0            1   0.58823529 
  695000          150   -403450.11         6500            0            1   0.58823529 
  696000          150   -403450.11         7500            0            1   0.58823529 
  696600          150   -403450.11         8100            0            1   0.58823529 
  696600          140   -403450.11            0            0            1   0.58823529 
  697000          140   -403450.11          400            0            1   0.58823529 
  698000          140   -403450.11         1400            0            1   0.58823529 
  699000          140   -403450.11         2400            0            1   0.58823529 
  700000          140   -403450.11         3400            0            1   0.58823529 
  701000          140   -403450.33         4400            1            1   0.58823529 
  702000          140   -403450.33         5400            1            1   0.58823529 
  703000          140   -403450.33         6400            1            1   0.58823529 
  704000          140   -403450.33         7400            1            1   0.58823529 
  704700          140   -403450.33         8100            1            1   0.58823529 
  704700          130   -403450.33            0            0            1   0.58823529 
  705000          130   -403450.33          300            0            1   0.58823529 
  706000          130   -403450.33         1300            0            1   0.58823529 
  707000          130   -403450.33         2300            0            1   0.58823529 
  708000          130   -403450.33         3300            0            1   0.58823529 
  709000          130   -403450.33         4300            0            1   0.58823529 
  710000          130   -403450.33         5300            0            1   0.58823529 
  711000          130   -403450.33         6300            0            1   0.58823529 
  712000          130   -403450.33         7300            0            1   0.58823529 
  712800          130   -403450.33         8100            0            1   0.58823529 
  712800          120   -403450.33            0            0            1   0.58823529 
  713000          120   -403450.33          200            0            1   0.58823529 
  714000          120   -403451.65         1200            2            1   0.58823529 
  715000          120   -403451.65         2200            2            1   0.58823529 
  716000          120   -403451.65         3200            2            1   0.58823529 
  717000          120   -403451.65         4200            2            1   0.58823529 
  718000          120   -403451.65         5200            2            1   0.58823529 
  719000          120   -403451.65         6200            2            1   0.58823529 
  720000          120   -403451.65         7200            2            1   0.58823529 
  720900          120   -403451.65         8100            2            1   0.58823529 
  720900          110   -403451.65            0            0            1   0.58823529 
  721000          110   -403451.65          100            0            1   0.58823529 
  722000          110   -403451.65         1100            0            1   0.58823529 
  723000          110   -403451.65         2100            0            1   0.58823529 
  724000          110   -403451.65         3100            0            1   0.58823529 
  725000          110   -403451.65         4100            0            1   0.58823529 
  726000          110   -403451.65         5100            0            1   0.58823529 
  727000          110   -403451.65         6100            0            1   0.58823529 
  728000          110   -403451.65         7100            0            1   0.58823529 
  729000          110   -403451.65         8100            0            1   0.58823529 
  729000          100   -403451.65            0            0            1   0.58823529 
  730000          100   -403451.81         1000            1            1   0.58823529 
  731000          100   -403451.81         2000            1            1   0.58823529 
  732000          100   -403451.81         3000            1            1   0.58823529 
  733000          100   -403451.81         4000            1            1   0.58823529 
  734000          100   -403451.81         5000            1            1   0.58823529 
  735000          100   -403451.81         6000            1            1   0.58823529 
  736000          100   -403451.81         7000            1            1   0.58823529 
  737000          100   -403451.81         8000            1            1   0.58823529 
  737100          100   -403451.81         8100            1            1   0.58823529 
  737100           90   -403451.81            0            0            1   0.58823529 
  738000           90   -403451.81          900            0            1   0.58823529 
  739000           90   -403451.81         1900            0            1   0.58823529 
  740000           90   -403451.81         2900            0            1   0.58823529 
  741000           90   -403451.81         3900            0            1   0.58823529 
  742000           90   -403451.81         4900            0            1   0.58823529 
  743000           90   -403451.81         5900            0            1   0.58823529 
  744000           90   -403451.81         6900            0            1   0.58823529 
  745000           90   -403453.06         7900            1            1   0.58823529 
  745200           90   -403453.06         8100            1            1   0.58823529 
  745200           80   -403453.06            0            0            1   0.58823529 
  746000           80   -403453.06          800            0            1   0.58823529 
  747000           80   -403453.06         1800            0            1   0.58823529 
  748000           80   -403453.06         2800            0            1   0.58823529 
  749000           80   -403453.06         3800            0            1   0.58823529 
  750000           80   -403453.06         4800            0            1   0.58823529 
  751000           80   -403453.06         5800            0            1   0.58823529 
  752000           80   -403453.06         6800            0            1   0.58823529 
  753000           80   -403453.06         7800            0            1   0.58823529 
  753300           80   -403453.06         8100            0            1   0.58823529 
  753300           70   -403453.06            0            0            1   0.58823529 
  754000           70   -403453.06          700            0            1   0.58823529 
  755000           70   -403453.06         1700            0            1   0.58823529 
  756000           70   -403453.06         2700            0            1   0.58823529 
  757000           70   -403453.06         3700            0            1   0.58823529 
  758000           70   -403453.06         4700            0            1   0.58823529 
  759000           70   -403453.06         5700            0            1   0.58823529 
  760000           70   -403453.06         6700            0            1   0.58823529 
  761000           70   -403453.06         7700            0            1   0.58823529 
  761400           70   -403453.06         8100            0            1   0.58823529 
  761400           60   -403453.06            0            0            1   0.58823529 
  762000           60   -403454.27          600            1            1   0.58823529 
  763000           60   -403454.27         1600            1            1   0.58823529 
  764000           60   -403454.27         2600            1            1   0.58823529 
  765000           60   -403454.27         3600            1            1   0.58823529 
  766000           60   -403454.27         4600            1            1   0.58823529 
  767000           60   -403454.27         5600            1            1   0.58823529 
  768000           60   -403454.27         6600            1            1   0.58823529 
  769000           60   -403454.27         7600            1            1   0.58823529 
  769500           60   -403454.27         8100            1            1   0.58823529 
  769500           50   -403454.27            0            0            1   0.58823529 
  770000           50   -403454.27          500            0            1   0.58823529 
  771000           50   -403454.27         1500            0            1   0.58823529 
  772000           50   -403454.27         2500            0            1   0.58823529 
  773000           50   -403454.27         3500            0            1   0.58823529 
  774000           50   -403454.27         4500            0            1   0.58823529 
  775000           50   -403454.27         5500            0            1   0.58823529 
  776000           50   -403454.27         6500            0            1   0.58823529 
  777000           50   -403454.27         7500            0            1   0.58823529 
  777600           50   -403454.27         8100            0            1   0.58823529 
  777600           40   -403454.27            0            0            1   0.58823529 
  778000           40   -403454.27          400            0            1   0.58823529 
  779000           40   -403454.27         1400            0            1   0.58823529 
  780000           40   -403454.27         2400            0            1   0.58823529 
  781000           40   -403454.27         3400            0            1   0.58823529 
  782000           40   -403454.27         4400            0            1   0.58823529 
  783000           40   -403454.27         5400            0            1   0.58823529 
  784000           40   -403454.27         6400            0            1   0.58823529 
  785000           40   -403455.16         7400            1            1   0.58823529 
  785700           40   -403455.16         8100            1            1   0.58823529 
  785700           30   -403455.16            0            0            1   0.58823529 
  786000           30   -403455.16          300            0            1   0.58823529 
  787000           30   -403455.16         1300            0            1   0.58823529 
  788000           30   -403455.16         2300            0            1   0.58823529 
  789000           30   -403455.16         3300            0            1   0.58823529 
  790000           30   -403455.16         4300            0            1   0.58823529 
  791000           30   -403455.16         5300            0            1   0.58823529 
  792000           30   -403455.16         6300            0            1   0.58823529 
  793000           30   -403455.16         7300            0            1   0.58823529 
  793800           30   -403455.16         8100            0            1   0.58823529 
  793800           20   -403455.16            0            0            1   0.58823529 
  794000           20   -403455.16          200            0            1   0.58823529 
  795000           20   -403455.16         1200            0            1   0.58823529 
  796000           20   -403455.16         2200            0            1   0.58823529 
  797000           20   -403455.16         3200            0            1   0.58823529 
  798000           20   -403456.18         4200            1            1   0.58823529 
  799000           20   -403456.18         5200            1            1   0.58823529 
  800000           20   -403456.18         6200            1            1   0.58823529 
  801000           20   -403456.18         7200            1            1   0.58823529 
  801900           20   -403456.18         8100            1            1   0.58823529 
  801900           10   -403456.18            0            0            1   0.58823529 
  802000           10   -403456.18          100            0            1   0.58823529 
  803000           10   -403456.18         1100            0            1   0.58823529 
  804000           10   -403456.18         2100            0            1   0.58823529 
  805000           10   -403456.18         3100            0            1   0.58823529 
  806000           10   -403456.18         4100            0            1   0.58823529 
  807000           10   -403456.18         5100            0            1   0.58823529 
  808000           10   -403456.18         6100            0            1   0.58823529 
  809000           10   -403456.18         7100            0            1   0.58823529 
  810000           10   -403456.18         8100            0            1   0.58823529 
  810000          0.1   -403456.18            0            0            1   0.58823529 
  811000          0.1   -403456.18         1000            0            1   0.58823529 
  812000          0.1   -403456.18         2000            0            1   0.58823529 
  813000          0.1   -403456.18         3000            0            1   0.58823529 
  814000          0.1   -403456.18         4000            0            1   0.58823529 
  815000          0.1   -403456.18         5000            0            1   0.58823529 
  816000          0.1   -403456.18         6000            0            1   0.58823529 
  817000          0.1   -403456.18         7000            0            1   0.58823529 
  818000          0.1   -403456.18         8000            0            1   0.58823529 
  818100          0.1   -403456.18         8100            0            1   0.58823529 
