       0         1000   -395654.43            0            0      0.78125   0.69117647 
    1000         1000   -402255.12         1000          156   0.87152778   0.64869281 
    2000         1000   -402660.39         2000          217   0.93402778   0.61928105 
    3000         1000   -402786.09         3000          244   0.94791667    0.6127451 
    4000         1000   -402894.77         4000          274      0.96875   0.60294118 
    5000         1000   -402947.68         5000          295   0.97569444    0.5996732 
    6000         1000   -402988.97         6000          308   0.98263889   0.59640523 
    7000         1000   -403051.53         7000          326   0.98958333   0.59313725 
    8000         1000   -403135.62         8000          338   0.99305556   0.59150327 
    9000         1000   -403139.77         9000          345   0.99652778   0.58986928 
   10000         1000   -403140.58        10000          354   0.99305556   0.59150327 
   11000         1000   -403149.99        11000          365            1   0.58823529 
   12000         1000   -403141.62        12000          381            1   0.58823529 
   13000         1000   -403158.94        13000          396   0.99652778   0.58986928 
   14000         1000   -403170.85        14000          404   0.99305556   0.59150327 
   15000         1000   -403194.68        15000          409   0.99305556   0.59150327 
   16000         1000   -403195.97        16000          412   0.99305556   0.59150327 
   17000         1000   -403198.84        17000          415   0.98958333   0.59313725 
   18000         1000   -403203.83        18000          426   0.99652778   0.58986928 
   19000         1000   -403218.33        19000          430   0.99652778   0.58986928 
   20000         1000   -403221.41        20000          434   0.99652778   0.58986928 
   21000         1000    -403236.5        21000          439   0.99652778   0.58986928 
   22000         1000    -403222.9        22000          444   0.99652778   0.58986928 
   23000         1000   -403232.29        23000          452   0.99652778   0.58986928 
   24000         1000   -403246.64        24000          460            1   0.58823529 
   25000         1000   -403228.88        25000          466            1   0.58823529 
   26000         1000   -403243.69        26000          468            1   0.58823529 
   27000         1000   -403245.26        27000          476            1   0.58823529 
   28000         1000   -403248.41        28000          480   0.99652778   0.58986928 
   29000         1000   -403247.15        29000          482   0.99652778   0.58986928 
   30000         1000   -403246.33        30000          483   0.99652778   0.58986928 
   31000         1000   -403248.59        31000          487   0.99652778   0.58986928 
   32000         1000   -403241.23        32000          490   0.99652778   0.58986928 
   33000         1000   -403250.53        33000          497   0.99652778   0.58986928 
   34000         1000   -403255.99        34000          503            1   0.58823529 
   35000         1000   -403265.39        35000          511            1   0.58823529 
   36000         1000    -403266.6        36000          513            1   0.58823529 
   37000         1000      -403272        37000          514            1   0.58823529 
   38000         1000   -403280.85        38000          519            1   0.58823529 
   39000         1000   -403285.42        39000          522            1   0.58823529 
   40000         1000   -403288.25        40000          525            1   0.58823529 
   40500         1000   -403283.36        40500          527            1   0.58823529 
   40500          950   -403283.36            0            0            1   0.58823529 
   41000          950   -403285.01          500            1            1   0.58823529 
   42000          950    -403283.2         1500            4            1   0.58823529 
   43000          950   -403285.08         2500            7            1   0.58823529 
   44000          950   -403281.87         3500            9            1   0.58823529 
   45000          950   -403284.37         4500           12            1   0.58823529 
   46000          950   -403279.52         5500           18            1   0.58823529 
   47000          950   -403303.52         6500           24            1   0.58823529 
   48000          950   -403303.94         7500           27            1   0.58823529 
   49000          950   -403302.35         8500           28            1   0.58823529 
   50000          950   -403296.24         9500           31            1   0.58823529 
   51000          950   -403296.42        10500           32            1   0.58823529 
   52000          950   -403294.01        11500           34            1   0.58823529 
   53000          950   -403293.86        12500           35            1   0.58823529 
   54000          950   -403297.07        13500           38            1   0.58823529 
   55000          950   -403295.98        14500           41            1   0.58823529 
   56000          950   -403317.85        15500           48            1   0.58823529 
   57000          950   -403317.01        16500           49            1   0.58823529 
   58000          950   -403313.79        17500           54            1   0.58823529 
   59000          950   -403312.99        18500           61            1   0.58823529 
   60000          950   -403312.02        19500           62            1   0.58823529 
   61000          950   -403313.99        20500           65            1   0.58823529 
   62000          950   -403314.24        21500           67            1   0.58823529 
   63000          950   -403322.75        22500           73            1   0.58823529 
   64000          950   -403331.78        23500           77            1   0.58823529 
   65000          950   -403327.02        24500           78            1   0.58823529 
   66000          950   -403329.54        25500           80            1   0.58823529 
   67000          950   -403327.34        26500           81            1   0.58823529 
   68000          950    -403330.2        27500           83            1   0.58823529 
   69000          950    -403330.2        28500           83            1   0.58823529 
   70000          950   -403332.64        29500           85            1   0.58823529 
   71000          950   -403334.82        30500           93            1   0.58823529 
   72000          950   -403336.58        31500           96            1   0.58823529 
   73000          950   -403337.02        32500          101            1   0.58823529 
   74000          950   -403336.52        33500          103            1   0.58823529 
   75000          950   -403336.79        34500          107            1   0.58823529 
   76000          950   -403322.35        35500          114            1   0.58823529 
   77000          950   -403334.93        36500          120            1   0.58823529 
   78000          950   -403344.11        37500          125            1   0.58823529 
   79000          950   -403342.47        38500          126            1   0.58823529 
   80000          950   -403339.58        39500          127            1   0.58823529 
   81000          950   -403336.71        40500          131            1   0.58823529 
   81000          900   -403336.71            0            0            1   0.58823529 
   82000          900   -403339.67         1000            1            1   0.58823529 
   83000          900   -403341.16         2000            2            1   0.58823529 
   84000          900   -403342.07         3000            3            1   0.58823529 
   85000          900   -403342.07         4000            3            1   0.58823529 
   86000          900   -403347.04         5000            6            1   0.58823529 
   87000          900    -403348.5         6000            7            1   0.58823529 
   88000          900    -403348.5         7000            7            1   0.58823529 
   89000          900    -403348.5         8000            7            1   0.58823529 
   90000          900    -403348.5         9000            7            1   0.58823529 
   91000          900   -403355.35        10000            9            1   0.58823529 
   92000          900   -403355.35        11000            9            1   0.58823529 
   93000          900    -403354.3        12000           10            1   0.58823529 
   94000          900    -403351.8        13000           12            1   0.58823529 
   95000          900   -403356.42        14000           15            1   0.58823529 
   96000          900   -403357.57        15000           17            1   0.58823529 
   97000          900   -403354.46        16000           19            1   0.58823529 
   98000          900   -403352.57        17000           20            1   0.58823529 
   99000          900   -403350.99        18000           21            1   0.58823529 
  100000          900   -403351.22        19000           22            1   0.58823529 
  101000          900    -403350.6        20000           23            1   0.58823529 
  102000          900   -403357.06        21000           25            1   0.58823529 
  103000          900   -403354.45        22000           29            1   0.58823529 
  104000          900   -403354.86        23000           31            1   0.58823529 
  105000          900   -403354.86        24000           31            1   0.58823529 
  106000          900   -403356.72        25000           35            1   0.58823529 
  107000          900   -403355.27        26000           38            1   0.58823529 
  108000          900   -403353.68        27000           42            1   0.58823529 
  109000          900    -403354.6        28000           43            1   0.58823529 
  110000          900    -403354.6        29000           43            1   0.58823529 
  111000          900    -403354.6        30000           43            1   0.58823529 
  112000          900   -403363.18        31000           45            1   0.58823529 
  113000          900   -403363.18        32000           45            1   0.58823529 
  114000          900   -403361.06        33000           46            1   0.58823529 
  115000          900   -403364.39        34000           47            1   0.58823529 
  116000          900   -403364.39        35000           47            1   0.58823529 
  117000          900   -403360.18        36000           49            1   0.58823529 
  118000          900   -403367.73        37000           53            1   0.58823529 
  119000          900   -403363.64        38000           55            1   0.58823529 
  120000          900   -403366.77        39000           57   0.99652778   0.58986928 
  121000          900   -403356.57        40000           59   0.99652778   0.58986928 
  121500          900   -403352.69        40500           61   0.99652778   0.58986928 
  121500          850   -403352.69            0            0   0.99652778   0.58986928 
  122000          850   -403351.16          500            1   0.99652778   0.58986928 
  123000          850   -403354.73         1500            4   0.99652778   0.58986928 
  124000          850   -403353.37         2500            5   0.99652778   0.58986928 
  125000          850   -403356.14         3500            8   0.99652778   0.58986928 
  126000          850   -403356.14         4500            8   0.99652778   0.58986928 
  127000          850   -403370.68         5500           13   0.99652778   0.58986928 
  128000          850   -403372.24         6500           14   0.99652778   0.58986928 
  129000          850   -403372.24         7500           14   0.99652778   0.58986928 
  130000          850   -403372.07         8500           15   0.99652778   0.58986928 
  131000          850   -403371.53         9500           16   0.99652778   0.58986928 
  132000          850   -403367.85        10500           17   0.99652778   0.58986928 
  133000          850   -403367.85        11500           17   0.99652778   0.58986928 
  134000          850   -403371.84        12500           19   0.99652778   0.58986928 
  135000          850    -403372.6        13500           20   0.99652778   0.58986928 
  136000          850   -403374.04        14500           21   0.99652778   0.58986928 
  137000          850   -403374.84        15500           25   0.99652778   0.58986928 
  138000          850   -403374.84        16500           25   0.99652778   0.58986928 
  139000          850   -403374.84        17500           25   0.99652778   0.58986928 
  140000          850   -403374.84        18500           25   0.99652778   0.58986928 
  141000          850   -403374.84        19500           25   0.99652778   0.58986928 
  142000          850   -403374.84        20500           25   0.99652778   0.58986928 
  143000          850   -403375.83        21500           26   0.99652778   0.58986928 
  144000          850   -403375.33        22500           27            1   0.58823529 
  145000          850   -403375.33        23500           27            1   0.58823529 
  146000          850   -403377.74        24500           28            1   0.58823529 
  147000          850   -403373.92        25500           31            1   0.58823529 
  148000          850   -403373.92        26500           31            1   0.58823529 
  149000          850   -403379.41        27500           34            1   0.58823529 
  150000          850   -403379.41        28500           34            1   0.58823529 
  151000          850   -403379.41        29500           34            1   0.58823529 
  152000          850   -403374.39        30500           36            1   0.58823529 
  153000          850   -403370.76        31500           39            1   0.58823529 
  154000          850   -403370.76        32500           39            1   0.58823529 
  155000          850   -403368.18        33500           44            1   0.58823529 
  156000          850   -403368.62        34500           47            1   0.58823529 
  157000          850   -403368.62        35500           47            1   0.58823529 
  158000          850   -403368.62        36500           47            1   0.58823529 
  159000          850    -403377.5        37500           49            1   0.58823529 
  160000          850   -403390.19        38500           52            1   0.58823529 
  161000          850   -403390.19        39500           52            1   0.58823529 
  162000          850   -403390.19        40500           52            1   0.58823529 
  162000          800   -403390.19            0            0            1   0.58823529 
  163000          800    -403395.1         1000            2            1   0.58823529 
  164000          800    -403395.1         2000            2            1   0.58823529 
  165000          800   -403394.26         3000            4            1   0.58823529 
  166000          800   -403392.38         4000            5            1   0.58823529 
  167000          800   -403392.38         5000            5            1   0.58823529 
  168000          800   -403392.46         6000            6            1   0.58823529 
  169000          800   -403391.45         7000            7            1   0.58823529 
  170000          800   -403394.98         8000           10            1   0.58823529 
  171000          800   -403394.98         9000           10            1   0.58823529 
  172000          800   -403392.85        10000           12            1   0.58823529 
  173000          800   -403396.98        11000           15            1   0.58823529 
  174000          800   -403396.98        12000           15            1   0.58823529 
  175000          800   -403396.98        13000           15            1   0.58823529 
  176000          800   -403396.98        14000           15            1   0.58823529 
  177000          800   -403396.98        15000           15            1   0.58823529 
  178000          800   -403396.98        16000           17            1   0.58823529 
  179000          800    -403396.5        17000           18            1   0.58823529 
  180000          800    -403396.5        18000           18            1   0.58823529 
  181000          800   -403393.74        19000           20            1   0.58823529 
  182000          800   -403394.74        20000           21            1   0.58823529 
  183000          800   -403391.72        21000           22            1   0.58823529 
  184000          800   -403391.72        22000           22            1   0.58823529 
  185000          800   -403391.72        23000           22            1   0.58823529 
  186000          800   -403390.72        24000           23            1   0.58823529 
  187000          800   -403390.72        25000           23            1   0.58823529 
  188000          800   -403383.69        26000           25            1   0.58823529 
  189000          800    -403374.3        27000           29            1   0.58823529 
  190000          800   -403370.73        28000           31            1   0.58823529 
  191000          800   -403360.14        29000           38            1   0.58823529 
  192000          800   -403365.75        30000           43            1   0.58823529 
  193000          800    -403369.8        31000           45            1   0.58823529 
  194000          800    -403369.8        32000           45            1   0.58823529 
  195000          800   -403369.51        33000           47            1   0.58823529 
  196000          800   -403377.16        34000           50            1   0.58823529 
  197000          800    -403384.1        35000           54            1   0.58823529 
  198000          800    -403384.1        36000           54            1   0.58823529 
  199000          800    -403384.1        37000           54            1   0.58823529 
  200000          800    -403384.1        38000           54            1   0.58823529 
  201000          800   -403386.88        39000           56            1   0.58823529 
  202000          800   -403386.88        40000           56            1   0.58823529 
  202500          800   -403386.88        40500           56            1   0.58823529 
  202500          750   -403386.88            0            0            1   0.58823529 
  203000          750   -403387.58          500            1            1   0.58823529 
  204000          750    -403391.7         1500            3            1   0.58823529 
  205000          750    -403397.6         2500            4            1   0.58823529 
  206000          750    -403397.6         3500            4            1   0.58823529 
  207000          750    -403397.6         4500            4            1   0.58823529 
  208000          750   -403387.64         5500            5            1   0.58823529 
  209000          750   -403387.64         6500            5            1   0.58823529 
  210000          750   -403390.22         7500           10            1   0.58823529 
  211000          750   -403391.68         8500           11            1   0.58823529 
  212000          750   -403389.97         9500           13            1   0.58823529 
  213000          750   -403386.99        10500           14            1   0.58823529 
  214000          750   -403386.06        11500           16            1   0.58823529 
  215000          750   -403389.44        12500           17            1   0.58823529 
  216000          750   -403389.44        13500           17            1   0.58823529 
  217000          750   -403389.44        14500           17            1   0.58823529 
  218000          750   -403387.97        15500           18            1   0.58823529 
  219000          750   -403382.05        16500           20            1   0.58823529 
  220000          750   -403382.05        17500           20            1   0.58823529 
  221000          750   -403377.07        18500           21            1   0.58823529 
  222000          750   -403375.61        19500           22            1   0.58823529 
  223000          750   -403375.35        20500           23            1   0.58823529 
  224000          750   -403370.88        21500           29            1   0.58823529 
  225000          750      -403365        22500           32            1   0.58823529 
  226000          750   -403364.86        23500           35            1   0.58823529 
  227000          750   -403366.76        24500           37            1   0.58823529 
  228000          750   -403365.11        25500           38            1   0.58823529 
  229000          750   -403365.93        26500           40            1   0.58823529 
  230000          750   -403367.02        27500           41            1   0.58823529 
  231000          750   -403370.21        28500           44            1   0.58823529 
  232000          750   -403369.23        29500           45            1   0.58823529 
  233000          750   -403370.18        30500           46            1   0.58823529 
  234000          750   -403368.51        31500           49            1   0.58823529 
  235000          750      -403371        32500           52            1   0.58823529 
  236000          750   -403374.85        33500           54            1   0.58823529 
  237000          750   -403374.85        34500           54            1   0.58823529 
  238000          750   -403379.65        35500           55            1   0.58823529 
  239000          750   -403380.05        36500           56            1   0.58823529 
  240000          750   -403380.05        37500           56            1   0.58823529 
  241000          750   -403380.05        38500           56            1   0.58823529 
  242000          750   -403380.05        39500           56            1   0.58823529 
  243000          750   -403380.05        40500           56            1   0.58823529 
  243000          700   -403380.05            0            0            1   0.58823529 
  244000          700   -403379.43         1000            1            1   0.58823529 
  245000          700    -403378.5         2000            2            1   0.58823529 
  246000          700    -403378.5         3000            2            1   0.58823529 
  247000          700    -403378.5         4000            2            1   0.58823529 
  248000          700    -403378.5         5000            2            1   0.58823529 
  249000          700   -403375.74         6000            3            1   0.58823529 
  250000          700   -403386.23         7000            8            1   0.58823529 
  251000          700   -403386.23         8000            8            1   0.58823529 
  252000          700   -403386.23         9000            8            1   0.58823529 
  253000          700   -403386.73        10000           10            1   0.58823529 
  254000          700   -403386.73        11000           10            1   0.58823529 
  255000          700   -403382.72        12000           11            1   0.58823529 
  256000          700   -403386.17        13000           14            1   0.58823529 
  257000          700   -403391.65        14000           16            1   0.58823529 
  258000          700   -403391.65        15000           16            1   0.58823529 
  259000          700   -403390.98        16000           17            1   0.58823529 
  260000          700    -403391.3        17000           18            1   0.58823529 
  261000          700   -403391.39        18000           19            1   0.58823529 
  262000          700   -403396.11        19000           20            1   0.58823529 
  263000          700   -403403.04        20000           21            1   0.58823529 
  264000          700   -403404.04        21000           22            1   0.58823529 
  265000          700   -403397.12        22000           23            1   0.58823529 
  266000          700   -403397.12        23000           23            1   0.58823529 
  267000          700   -403405.69        24000           24            1   0.58823529 
  268000          700   -403405.69        25000           24            1   0.58823529 
  269000          700   -403402.52        26000           26            1   0.58823529 
  270000          700   -403402.52        27000           26            1   0.58823529 
  271000          700   -403402.23        28000           27            1   0.58823529 
  272000          700   -403402.23        29000           27            1   0.58823529 
  273000          700   -403402.23        30000           27            1   0.58823529 
  274000          700   -403402.08        31000           28            1   0.58823529 
  275000          700   -403405.32        32000           29            1   0.58823529 
  276000          700   -403405.32        33000           29            1   0.58823529 
  277000          700   -403400.05        34000           31            1   0.58823529 
  278000          700   -403400.05        35000           31            1   0.58823529 
  279000          700   -403399.35        36000           32            1   0.58823529 
  280000          700   -403398.12        37000           33            1   0.58823529 
  281000          700   -403398.27        38000           35            1   0.58823529 
  282000          700   -403398.27        39000           35            1   0.58823529 
  283000          700   -403405.82        40000           37            1   0.58823529 
  283500          700   -403404.21        40500           38            1   0.58823529 
  283500          650   -403404.21            0            0            1   0.58823529 
  284000          650   -403404.89          500            1            1   0.58823529 
  285000          650   -403404.89         1500            1            1   0.58823529 
  286000          650   -403404.89         2500            1            1   0.58823529 
  287000          650   -403402.37         3500            2            1   0.58823529 
  288000          650    -403402.2         4500            3            1   0.58823529 
  289000          650   -403403.18         5500            4            1   0.58823529 
  290000          650   -403403.85         6500            5            1   0.58823529 
  291000          650   -403401.94         7500            6            1   0.58823529 
  292000          650   -403401.94         8500            6            1   0.58823529 
  293000          650   -403402.08         9500            8            1   0.58823529 
  294000          650   -403401.97        10500            9            1   0.58823529 
  295000          650   -403401.97        11500            9            1   0.58823529 
  296000          650   -403401.97        12500            9            1   0.58823529 
  297000          650   -403403.09        13500           10            1   0.58823529 
  298000          650   -403403.09        14500           10            1   0.58823529 
  299000          650   -403401.16        15500           13            1   0.58823529 
  300000          650   -403401.16        16500           13            1   0.58823529 
  301000          650   -403401.16        17500           13            1   0.58823529 
  302000          650   -403403.29        18500           14            1   0.58823529 
  303000          650   -403402.19        19500           15            1   0.58823529 
  304000          650   -403402.32        20500           16            1   0.58823529 
  305000          650   -403402.35        21500           19            1   0.58823529 
  306000          650   -403408.09        22500           21            1   0.58823529 
  307000          650   -403408.09        23500           21            1   0.58823529 
  308000          650   -403408.09        24500           21            1   0.58823529 
  309000          650   -403409.17        25500           22            1   0.58823529 
  310000          650   -403407.22        26500           23            1   0.58823529 
  311000          650   -403407.13        27500           24            1   0.58823529 
  312000          650   -403404.52        28500           26            1   0.58823529 
  313000          650    -403407.2        29500           27            1   0.58823529 
  314000          650    -403407.2        30500           27            1   0.58823529 
  315000          650    -403407.2        31500           27            1   0.58823529 
  316000          650   -403409.67        32500           29            1   0.58823529 
  317000          650   -403409.67        33500           31            1   0.58823529 
  318000          650   -403409.67        34500           31            1   0.58823529 
  319000          650   -403409.67        35500           31            1   0.58823529 
  320000          650   -403409.67        36500           31            1   0.58823529 
  321000          650   -403409.67        37500           31            1   0.58823529 
  322000          650   -403410.12        38500           32            1   0.58823529 
  323000          650   -403410.12        39500           32            1   0.58823529 
  324000          650   -403410.12        40500           32            1   0.58823529 
  324000          600   -403410.12            0            0            1   0.58823529 
  325000          600   -403410.12         1000            0            1   0.58823529 
  326000          600   -403410.12         2000            0            1   0.58823529 
  327000          600   -403410.12         3000            0            1   0.58823529 
  328000          600   -403407.87         4000            2            1   0.58823529 
  329000          600   -403407.87         5000            2            1   0.58823529 
  330000          600   -403417.67         6000            3            1   0.58823529 
  331000          600   -403417.67         7000            3            1   0.58823529 
  332000          600   -403417.67         8000            3            1   0.58823529 
  333000          600   -403413.33         9000            5            1   0.58823529 
  334000          600   -403418.82        10000            7            1   0.58823529 
  335000          600   -403418.82        11000            7            1   0.58823529 
  336000          600   -403418.82        12000            7            1   0.58823529 
  337000          600   -403416.78        13000            8            1   0.58823529 
  338000          600   -403416.01        14000            9            1   0.58823529 
  339000          600   -403414.63        15000           10            1   0.58823529 
  340000          600   -403415.55        16000           11            1   0.58823529 
  341000          600   -403405.01        17000           14            1   0.58823529 
  342000          600      -403404        18000           17            1   0.58823529 
  343000          600   -403401.21        19000           19            1   0.58823529 
  344000          600   -403405.69        20000           20            1   0.58823529 
  345000          600   -403409.06        21000           21            1   0.58823529 
  346000          600   -403409.06        22000           21            1   0.58823529 
  347000          600   -403409.06        23000           21            1   0.58823529 
  348000          600   -403409.06        24000           21            1   0.58823529 
  349000          600   -403414.32        25000           24            1   0.58823529 
  350000          600   -403414.32        26000           24            1   0.58823529 
  351000          600   -403414.32        27000           24            1   0.58823529 
  352000          600   -403415.02        28000           25            1   0.58823529 
  353000          600   -403423.89        29000           28            1   0.58823529 
  354000          600   -403420.86        30000           30            1   0.58823529 
  355000          600   -403420.86        31000           30            1   0.58823529 
  356000          600   -403417.21        32000           32            1   0.58823529 
  357000          600   -403417.21        33000           32            1   0.58823529 
  358000          600      -403420        34000           36            1   0.58823529 
  359000          600      -403420        35000           36            1   0.58823529 
  360000          600      -403420        36000           36            1   0.58823529 
  361000          600      -403420        37000           36            1   0.58823529 
  362000          600   -403422.17        38000           37            1   0.58823529 
  363000          600   -403422.17        39000           37            1   0.58823529 
  364000          600   -403419.58        40000           39            1   0.58823529 
  364500          600   -403419.58        40500           39            1   0.58823529 
  364500          550   -403419.58            0            0            1   0.58823529 
  365000          550   -403420.13          500            1            1   0.58823529 
  366000          550   -403420.13         1500            1            1   0.58823529 
  367000          550   -403420.13         2500            1            1   0.58823529 
  368000          550   -403420.13         3500            1            1   0.58823529 
  369000          550   -403420.13         4500            1            1   0.58823529 
  370000          550   -403420.13         5500            1            1   0.58823529 
  371000          550   -403420.13         6500            1            1   0.58823529 
  372000          550   -403420.13         7500            1            1   0.58823529 
  373000          550   -403417.58         8500            2            1   0.58823529 
  374000          550   -403422.46         9500            3            1   0.58823529 
  375000          550   -403423.36        10500            4            1   0.58823529 
  376000          550   -403423.36        11500            4            1   0.58823529 
  377000          550   -403423.36        12500            4            1   0.58823529 
  378000          550   -403423.36        13500            4            1   0.58823529 
  379000          550   -403427.19        14500            5            1   0.58823529 
  380000          550   -403427.19        15500            5            1   0.58823529 
  381000          550   -403427.19        16500            5            1   0.58823529 
  382000          550   -403427.19        17500            5            1   0.58823529 
  383000          550   -403427.19        18500            5            1   0.58823529 
  384000          550   -403427.19        19500            5            1   0.58823529 
  385000          550   -403427.19        20500            5            1   0.58823529 
  386000          550   -403427.19        21500            5            1   0.58823529 
  387000          550   -403427.19        22500            5            1   0.58823529 
  388000          550   -403427.19        23500            5            1   0.58823529 
  389000          550   -403429.08        24500            6            1   0.58823529 
  390000          550   -403429.08        25500            6            1   0.58823529 
  391000          550   -403429.08        26500            6            1   0.58823529 
  392000          550   -403429.08        27500            6            1   0.58823529 
  393000          550   -403429.08        28500            6            1   0.58823529 
  394000          550   -403429.64        29500            7            1   0.58823529 
  395000          550   -403429.64        30500            7            1   0.58823529 
  396000          550   -403429.64        31500            7            1   0.58823529 
  397000          550   -403429.64        32500            7            1   0.58823529 
  398000          550   -403431.56        33500            8            1   0.58823529 
  399000          550   -403426.42        34500            9            1   0.58823529 
  400000          550   -403426.42        35500            9            1   0.58823529 
  401000          550   -403426.42        36500            9            1   0.58823529 
  402000          550   -403426.42        37500            9            1   0.58823529 
  403000          550   -403423.52        38500           10            1   0.58823529 
  404000          550   -403425.07        39500           11            1   0.58823529 
  405000          550   -403425.07        40500           11            1   0.58823529 
  405000          500   -403425.07            0            0            1   0.58823529 
  406000          500   -403425.07         1000            0            1   0.58823529 
  407000          500   -403425.07         2000            0            1   0.58823529 
  408000          500   -403425.07         3000            0            1   0.58823529 
  409000          500   -403426.55         4000            1            1   0.58823529 
  410000          500   -403426.55         5000            1            1   0.58823529 
  411000          500   -403426.55         6000            1            1   0.58823529 
  412000          500   -403426.55         7000            1            1   0.58823529 
  413000          500   -403427.05         8000            2            1   0.58823529 
  414000          500   -403427.05         9000            2            1   0.58823529 
  415000          500   -403428.29        10000            3            1   0.58823529 
  416000          500   -403428.29        11000            3            1   0.58823529 
  417000          500   -403427.37        12000            4            1   0.58823529 
  418000          500   -403428.44        13000            6            1   0.58823529 
  419000          500   -403428.44        14000            6            1   0.58823529 
  420000          500   -403428.44        15000            6            1   0.58823529 
  421000          500   -403428.44        16000            6            1   0.58823529 
  422000          500   -403427.33        17000            7            1   0.58823529 
  423000          500   -403427.33        18000            7            1   0.58823529 
  424000          500   -403427.33        19000            7            1   0.58823529 
  425000          500   -403427.19        20000            8            1   0.58823529 
  426000          500   -403427.19        21000            8            1   0.58823529 
  427000          500   -403433.92        22000            9            1   0.58823529 
  428000          500   -403433.92        23000            9            1   0.58823529 
  429000          500   -403433.92        24000            9            1   0.58823529 
  430000          500   -403435.35        25000           10            1   0.58823529 
  431000          500   -403435.35        26000           10            1   0.58823529 
  432000          500   -403435.35        27000           10            1   0.58823529 
  433000          500   -403435.35        28000           10            1   0.58823529 
  434000          500   -403435.35        29000           10            1   0.58823529 
  435000          500    -403436.1        30000           11            1   0.58823529 
  436000          500   -403434.02        31000           13            1   0.58823529 
  437000          500   -403434.02        32000           13            1   0.58823529 
  438000          500   -403436.33        33000           14            1   0.58823529 
  439000          500   -403436.33        34000           14            1   0.58823529 
  440000          500   -403435.93        35000           15            1   0.58823529 
  441000          500   -403435.93        36000           15            1   0.58823529 
  442000          500   -403435.93        37000           15            1   0.58823529 
  443000          500   -403435.93        38000           15            1   0.58823529 
  444000          500   -403435.93        39000           15            1   0.58823529 
  445000          500   -403435.93        40000           15            1   0.58823529 
  445500          500   -403435.93        40500           15            1   0.58823529 
  445500          450   -403435.93            0            0            1   0.58823529 
  446000          450   -403435.93          500            0            1   0.58823529 
  447000          450   -403435.93         1500            0            1   0.58823529 
  448000          450   -403435.93         2500            0            1   0.58823529 
  449000          450   -403435.93         3500            0            1   0.58823529 
  450000          450   -403435.93         4500            0            1   0.58823529 
  451000          450   -403436.33         5500            1            1   0.58823529 
  452000          450   -403436.33         6500            1            1   0.58823529 
  453000          450   -403436.33         7500            1            1   0.58823529 
  454000          450   -403436.33         8500            1            1   0.58823529 
  455000          450   -403436.33         9500            1            1   0.58823529 
  456000          450   -403436.33        10500            1            1   0.58823529 
  457000          450   -403436.33        11500            1            1   0.58823529 
  458000          450   -403436.33        12500            1            1   0.58823529 
  459000          450   -403436.33        13500            1            1   0.58823529 
  460000          450   -403436.33        14500            1            1   0.58823529 
  461000          450   -403436.33        15500            1            1   0.58823529 
  462000          450   -403434.93        16500            2            1   0.58823529 
  463000          450   -403434.93        17500            2            1   0.58823529 
  464000          450    -403437.2        18500            3            1   0.58823529 
  465000          450    -403437.2        19500            3            1   0.58823529 
  466000          450    -403437.2        20500            3            1   0.58823529 
  467000          450    -403437.2        21500            3            1   0.58823529 
  468000          450    -403437.2        22500            3            1   0.58823529 
  469000          450    -403437.2        23500            3            1   0.58823529 
  470000          450    -403437.2        24500            3            1   0.58823529 
  471000          450   -403438.51        25500            4            1   0.58823529 
  472000          450    -403439.3        26500            6            1   0.58823529 
  473000          450    -403439.3        27500            6            1   0.58823529 
  474000          450    -403439.3        28500            6            1   0.58823529 
  475000          450   -403441.69        29500            7            1   0.58823529 
  476000          450   -403441.69        30500            7            1   0.58823529 
  477000          450   -403439.65        31500            8            1   0.58823529 
  478000          450   -403439.65        32500            8            1   0.58823529 
  479000          450   -403442.27        33500            9            1   0.58823529 
  480000          450   -403442.27        34500            9            1   0.58823529 
  481000          450   -403442.27        35500            9            1   0.58823529 
  482000          450   -403442.27        36500            9            1   0.58823529 
  483000          450   -403444.73        37500           10            1   0.58823529 
  484000          450   -403444.73        38500           10            1   0.58823529 
  485000          450   -403444.73        39500           10            1   0.58823529 
  486000          450   -403444.73        40500           10            1   0.58823529 
  486000          400   -403444.73            0            0            1   0.58823529 
  487000          400   -403444.73         1000            0            1   0.58823529 
  488000          400   -403444.73         2000            0            1   0.58823529 
  489000          400   -403444.73         3000            0            1   0.58823529 
  490000          400   -403444.73         4000            0            1   0.58823529 
  491000          400   -403444.73         5000            0            1   0.58823529 
  492000          400   -403444.73         6000            0            1   0.58823529 
  493000          400   -403444.73         7000            0            1   0.58823529 
  494000          400   -403444.73         8000            0            1   0.58823529 
  495000          400   -403444.73         9000            0            1   0.58823529 
  496000          400   -403444.73        10000            0            1   0.58823529 
  497000          400   -403444.73        11000            0            1   0.58823529 
  498000          400   -403444.73        12000            0            1   0.58823529 
  499000          400   -403444.73        13000            0            1   0.58823529 
  500000          400   -403444.73        14000            0            1   0.58823529 
  501000          400   -403444.29        15000            1            1   0.58823529 
  502000          400   -403444.29        16000            1            1   0.58823529 
  503000          400   -403444.29        17000            1            1   0.58823529 
  504000          400   -403444.29        18000            1            1   0.58823529 
  505000          400   -403444.29        19000            1            1   0.58823529 
  506000          400   -403444.29        20000            1            1   0.58823529 
  507000          400   -403444.29        21000            1            1   0.58823529 
  508000          400   -403444.29        22000            1            1   0.58823529 
  509000          400    -403445.7        23000            2            1   0.58823529 
  510000          400    -403445.7        24000            2            1   0.58823529 
  511000          400   -403444.92        25000            3            1   0.58823529 
  512000          400   -403444.92        26000            3            1   0.58823529 
  513000          400   -403444.92        27000            3            1   0.58823529 
  514000          400   -403444.92        28000            3            1   0.58823529 
  515000          400   -403444.92        29000            3            1   0.58823529 
  516000          400      -403445        30000            4            1   0.58823529 
  517000          400      -403445        31000            4            1   0.58823529 
  518000          400      -403445        32000            4            1   0.58823529 
  519000          400      -403445        33000            4            1   0.58823529 
  520000          400      -403445        34000            4            1   0.58823529 
  521000          400      -403445        35000            4            1   0.58823529 
  522000          400   -403447.11        36000            5            1   0.58823529 
  523000          400   -403447.11        37000            5            1   0.58823529 
  524000          400   -403447.11        38000            5            1   0.58823529 
  525000          400   -403447.11        39000            5            1   0.58823529 
  526000          400   -403447.11        40000            5            1   0.58823529 
  526500          400   -403447.11        40500            5            1   0.58823529 
  526500          350   -403447.11            0            0            1   0.58823529 
  527000          350   -403447.11          500            0            1   0.58823529 
  528000          350   -403447.11         1500            0            1   0.58823529 
  529000          350   -403447.11         2500            0            1   0.58823529 
  530000          350   -403447.11         3500            0            1   0.58823529 
  531000          350   -403447.11         4500            0            1   0.58823529 
  532000          350   -403447.11         5500            0            1   0.58823529 
  533000          350   -403447.11         6500            0            1   0.58823529 
  534000          350   -403447.11         7500            0            1   0.58823529 
  535000          350   -403447.11         8500            0            1   0.58823529 
  536000          350   -403447.11         9500            0            1   0.58823529 
  537000          350   -403447.11        10500            0            1   0.58823529 
  538000          350   -403447.11        11500            0            1   0.58823529 
  539000          350   -403447.11        12500            0            1   0.58823529 
  540000          350   -403447.11        13500            0            1   0.58823529 
  541000          350   -403447.11        14500            0            1   0.58823529 
  542000          350   -403447.11        15500            0            1   0.58823529 
  543000          350   -403447.11        16500            0            1   0.58823529 
  544000          350   -403447.11        17500            0            1   0.58823529 
  545000          350   -403447.11        18500            0            1   0.58823529 
  546000          350   -403447.11        19500            0            1   0.58823529 
  547000          350   -403447.11        20500            0            1   0.58823529 
  548000          350   -403445.62        21500            1            1   0.58823529 
  549000          350   -403445.62        22500            1            1   0.58823529 
  550000          350   -403445.62        23500            1            1   0.58823529 
  551000          350   -403445.62        24500            1            1   0.58823529 
  552000          350   -403445.62        25500            1            1   0.58823529 
  553000          350   -403445.62        26500            1            1   0.58823529 
  554000          350   -403445.62        27500            1            1   0.58823529 
  555000          350   -403445.62        28500            1            1   0.58823529 
  556000          350   -403445.62        29500            1            1   0.58823529 
  557000          350   -403445.62        30500            1            1   0.58823529 
  558000          350   -403445.62        31500            1            1   0.58823529 
  559000          350   -403443.89        32500            2            1   0.58823529 
  560000          350   -403443.65        33500            3            1   0.58823529 
  561000          350   -403443.65        34500            3            1   0.58823529 
  562000          350   -403443.65        35500            3            1   0.58823529 
  563000          350   -403443.65        36500            3            1   0.58823529 
  564000          350   -403443.65        37500            3            1   0.58823529 
  565000          350   -403443.65        38500            3            1   0.58823529 
  566000          350   -403443.37        39500            4            1   0.58823529 
  567000          350   -403443.37        40500            4            1   0.58823529 
  567000          300   -403443.37            0            0            1   0.58823529 
  568000          300   -403443.37         1000            0            1   0.58823529 
  569000          300   -403443.37         2000            0            1   0.58823529 
  570000          300   -403443.64         3000            1            1   0.58823529 
  571000          300   -403443.64         4000            1            1   0.58823529 
  572000          300   -403443.64         5000            1            1   0.58823529 
  573000          300   -403443.64         6000            1            1   0.58823529 
  574000          300   -403443.64         7000            1            1   0.58823529 
  575000          300   -403443.64         8000            1            1   0.58823529 
  576000          300   -403443.64         9000            1            1   0.58823529 
  577000          300   -403443.64        10000            1            1   0.58823529 
  578000          300   -403443.64        11000            1            1   0.58823529 
  579000          300   -403443.64        12000            1            1   0.58823529 
  580000          300   -403443.64        13000            1            1   0.58823529 
  581000          300   -403443.64        14000            1            1   0.58823529 
  582000          300   -403443.64        15000            1            1   0.58823529 
  583000          300   -403443.64        16000            1            1   0.58823529 
  584000          300   -403443.64        17000            1            1   0.58823529 
  585000          300   -403442.65        18000            2            1   0.58823529 
  586000          300   -403442.65        19000            2            1   0.58823529 
  587000          300   -403442.65        20000            2            1   0.58823529 
  588000          300   -403442.65        21000            2            1   0.58823529 
  589000          300   -403442.65        22000            2            1   0.58823529 
  590000          300   -403442.65        23000            2            1   0.58823529 
  591000          300   -403442.65        24000            2            1   0.58823529 
  592000          300   -403442.91        25000            3            1   0.58823529 
  593000          300   -403454.49        26000            5            1   0.58823529 
  594000          300   -403454.49        27000            5            1   0.58823529 
  595000          300   -403455.95        28000            6            1   0.58823529 
  596000          300   -403455.95        29000            6            1   0.58823529 
  597000          300   -403455.95        30000            6            1   0.58823529 
  598000          300   -403455.95        31000            6            1   0.58823529 
  599000          300    -403454.9        32000            7            1   0.58823529 
  600000          300    -403454.9        33000            7            1   0.58823529 
  601000          300    -403454.9        34000            7            1   0.58823529 
  602000          300    -403454.9        35000            7            1   0.58823529 
  603000          300   -403456.04        36000            8            1   0.58823529 
  604000          300   -403459.01        37000           10            1   0.58823529 
  605000          300   -403459.01        38000           10            1   0.58823529 
  606000          300   -403459.01        39000           10            1   0.58823529 
  607000          300   -403459.01        40000           10            1   0.58823529 
  607500          300   -403459.01        40500           10            1   0.58823529 
  607500          250   -403459.01            0            0            1   0.58823529 
  608000          250   -403459.01          500            0            1   0.58823529 
  609000          250   -403459.01         1500            0            1   0.58823529 
  610000          250   -403459.01         2500            0            1   0.58823529 
  611000          250   -403459.01         3500            0            1   0.58823529 
  612000          250   -403459.01         4500            0            1   0.58823529 
  613000          250   -403459.01         5500            0            1   0.58823529 
  614000          250   -403459.01         6500            0            1   0.58823529 
  615000          250   -403459.01         7500            0            1   0.58823529 
  616000          250   -403459.01         8500            0            1   0.58823529 
  617000          250   -403459.01         9500            0            1   0.58823529 
  618000          250   -403459.01        10500            0            1   0.58823529 
  619000          250   -403460.62        11500            1            1   0.58823529 
  620000          250   -403460.62        12500            1            1   0.58823529 
  621000          250   -403460.62        13500            1            1   0.58823529 
  622000          250   -403460.62        14500            1            1   0.58823529 
  623000          250   -403460.62        15500            1            1   0.58823529 
  624000          250   -403460.62        16500            1            1   0.58823529 
  625000          250   -403460.62        17500            1            1   0.58823529 
  626000          250   -403460.62        18500            1            1   0.58823529 
  627000          250   -403460.62        19500            1            1   0.58823529 
  628000          250   -403460.62        20500            1            1   0.58823529 
  629000          250   -403460.62        21500            1            1   0.58823529 
  630000          250   -403460.62        22500            1            1   0.58823529 
  631000          250   -403460.62        23500            1            1   0.58823529 
  632000          250   -403460.62        24500            1            1   0.58823529 
  633000          250   -403460.62        25500            1            1   0.58823529 
  634000          250   -403460.62        26500            1            1   0.58823529 
  635000          250   -403460.62        27500            1            1   0.58823529 
  636000          250   -403460.62        28500            1            1   0.58823529 
  637000          250   -403460.62        29500            1            1   0.58823529 
  638000          250   -403460.62        30500            1            1   0.58823529 
  639000          250   -403460.62        31500            1            1   0.58823529 
  640000          250   -403460.62        32500            1            1   0.58823529 
  641000          250   -403460.62        33500            1            1   0.58823529 
  642000          250   -403460.62        34500            1            1   0.58823529 
  643000          250   -403460.62        35500            1            1   0.58823529 
  644000          250   -403460.62        36500            1            1   0.58823529 
  645000          250   -403460.62        37500            1            1   0.58823529 
  646000          250   -403460.62        38500            1            1   0.58823529 
  647000          250   -403460.62        39500            1            1   0.58823529 
  648000          250   -403460.62        40500            1            1   0.58823529 
  648000          200   -403460.62            0            0            1   0.58823529 
  649000          200   -403460.62         1000            0            1   0.58823529 
  650000          200   -403460.62         2000            0            1   0.58823529 
  651000          200   -403460.62         3000            0            1   0.58823529 
  652000          200   -403460.62         4000            0            1   0.58823529 
  653000          200   -403460.62         5000            0            1   0.58823529 
  654000          200   -403460.62         6000            0            1   0.58823529 
  655000          200   -403460.62         7000            0            1   0.58823529 
  656000          200   -403460.62         8000            0            1   0.58823529 
  657000          200   -403460.62         9000            0            1   0.58823529 
  658000          200   -403460.62        10000            0            1   0.58823529 
  659000          200   -403460.62        11000            0            1   0.58823529 
  660000          200   -403460.62        12000            0            1   0.58823529 
  661000          200   -403460.62        13000            0            1   0.58823529 
  662000          200   -403460.62        14000            0            1   0.58823529 
  663000          200   -403460.62        15000            0            1   0.58823529 
  664000          200   -403460.62        16000            0            1   0.58823529 
  665000          200   -403460.62        17000            0            1   0.58823529 
  666000          200   -403460.62        18000            0            1   0.58823529 
  667000          200   -403460.62        19000            0            1   0.58823529 
  668000          200   -403460.62        20000            0            1   0.58823529 
  669000          200   -403460.62        21000            0            1   0.58823529 
  670000          200   -403460.62        22000            0            1   0.58823529 
  671000          200   -403460.62        23000            0            1   0.58823529 
  672000          200   -403461.33        24000            1            1   0.58823529 
  673000          200   -403460.87        25000            2            1   0.58823529 
  674000          200   -403460.87        26000            2            1   0.58823529 
  675000          200   -403460.87        27000            2            1   0.58823529 
  676000          200   -403460.87        28000            2            1   0.58823529 
  677000          200   -403460.87        29000            2            1   0.58823529 
  678000          200   -403460.87        30000            2            1   0.58823529 
  679000          200   -403460.87        31000            2            1   0.58823529 
  680000          200   -403460.87        32000            2            1   0.58823529 
  681000          200   -403460.87        33000            2            1   0.58823529 
  682000          200   -403460.87        34000            2            1   0.58823529 
  683000          200   -403461.53        35000            3            1   0.58823529 
  684000          200   -403461.53        36000            3            1   0.58823529 
  685000          200   -403461.53        37000            3            1   0.58823529 
  686000          200   -403461.53        38000            3            1   0.58823529 
  687000          200   -403461.53        39000            3            1   0.58823529 
  688000          200   -403461.53        40000            3            1   0.58823529 
  688500          200   -403461.53        40500            3            1   0.58823529 
  688500          150   -403461.53            0            0            1   0.58823529 
  689000          150   -403461.53          500            0            1   0.58823529 
  690000          150   -403461.53         1500            0            1   0.58823529 
  691000          150   -403461.53         2500            0            1   0.58823529 
  692000          150   -403461.53         3500            0            1   0.58823529 
  693000          150   -403461.53         4500            0            1   0.58823529 
  694000          150   -403461.53         5500            0            1   0.58823529 
  695000          150   -403461.53         6500            0            1   0.58823529 
  696000          150   -403461.53         7500            0            1   0.58823529 
  697000          150   -403461.53         8500            0            1   0.58823529 
  698000          150   -403461.53         9500            0            1   0.58823529 
  699000          150   -403461.53        10500            0            1   0.58823529 
  700000          150   -403461.53        11500            0            1   0.58823529 
  701000          150   -403461.53        12500            0            1   0.58823529 
  702000          150   -403461.53        13500            0            1   0.58823529 
  703000          150   -403461.44        14500            1            1   0.58823529 
  704000          150   -403461.44        15500            1            1   0.58823529 
  705000          150   -403461.44        16500            1            1   0.58823529 
  706000          150   -403461.44        17500            1            1   0.58823529 
  707000          150   -403461.44        18500            1            1   0.58823529 
  708000          150   -403461.44        19500            1            1   0.58823529 
  709000          150   -403461.44        20500            1            1   0.58823529 
  710000          150   -403463.07        21500            2            1   0.58823529 
  711000          150   -403463.07        22500            2            1   0.58823529 
  712000          150   -403463.07        23500            2            1   0.58823529 
  713000          150   -403463.07        24500            2            1   0.58823529 
  714000          150   -403463.07        25500            2            1   0.58823529 
  715000          150   -403463.07        26500            2            1   0.58823529 
  716000          150   -403463.07        27500            2            1   0.58823529 
  717000          150   -403463.07        28500            2            1   0.58823529 
  718000          150   -403463.07        29500            2            1   0.58823529 
  719000          150   -403463.07        30500            2            1   0.58823529 
  720000          150   -403463.07        31500            2            1   0.58823529 
  721000          150   -403462.59        32500            3            1   0.58823529 
  722000          150   -403462.59        33500            3            1   0.58823529 
  723000          150   -403462.59        34500            3            1   0.58823529 
  724000          150   -403462.59        35500            3            1   0.58823529 
  725000          150   -403462.59        36500            3            1   0.58823529 
  726000          150   -403463.46        37500            4            1   0.58823529 
  727000          150   -403463.46        38500            4            1   0.58823529 
  728000          150   -403463.46        39500            4            1   0.58823529 
  729000          150   -403463.46        40500            4            1   0.58823529 
  729000          100   -403463.46            0            0            1   0.58823529 
  730000          100   -403463.46         1000            0            1   0.58823529 
  731000          100   -403463.46         2000            0            1   0.58823529 
  732000          100   -403463.46         3000            0            1   0.58823529 
  733000          100   -403463.46         4000            0            1   0.58823529 
  734000          100   -403463.46         5000            0            1   0.58823529 
  735000          100   -403463.46         6000            0            1   0.58823529 
  736000          100   -403463.46         7000            0            1   0.58823529 
  737000          100   -403463.46         8000            0            1   0.58823529 
  738000          100   -403463.46         9000            0            1   0.58823529 
  739000          100   -403463.46        10000            0            1   0.58823529 
  740000          100   -403463.46        11000            0            1   0.58823529 
  741000          100   -403463.46        12000            0            1   0.58823529 
  742000          100   -403463.46        13000            0            1   0.58823529 
  743000          100   -403463.46        14000            0            1   0.58823529 
  744000          100   -403463.46        15000            0            1   0.58823529 
  745000          100   -403463.46        16000            0            1   0.58823529 
  746000          100   -403463.46        17000            0            1   0.58823529 
  747000          100   -403463.46        18000            0            1   0.58823529 
  748000          100   -403463.46        19000            0            1   0.58823529 
  749000          100   -403463.46        20000            0            1   0.58823529 
  750000          100   -403463.46        21000            0            1   0.58823529 
  751000          100   -403463.46        22000            0            1   0.58823529 
  752000          100   -403463.46        23000            0            1   0.58823529 
  753000          100   -403463.46        24000            0            1   0.58823529 
  754000          100   -403464.68        25000            1            1   0.58823529 
  755000          100   -403464.68        26000            1            1   0.58823529 
  756000          100   -403464.68        27000            1            1   0.58823529 
  757000          100   -403464.68        28000            1            1   0.58823529 
  758000          100   -403464.68        29000            1            1   0.58823529 
  759000          100   -403464.68        30000            1            1   0.58823529 
  760000          100   -403464.68        31000            1            1   0.58823529 
  761000          100   -403464.68        32000            1            1   0.58823529 
  762000          100   -403464.68        33000            1            1   0.58823529 
  763000          100   -403464.68        34000            1            1   0.58823529 
  764000          100   -403464.68        35000            1            1   0.58823529 
  765000          100   -403464.68        36000            1            1   0.58823529 
  766000          100   -403464.68        37000            1            1   0.58823529 
  767000          100   -403464.68        38000            1            1   0.58823529 
  768000          100   -403464.68        39000            1            1   0.58823529 
  769000          100   -403464.68        40000            1            1   0.58823529 
  769500          100   -403464.68        40500            1            1   0.58823529 
  769500           50   -403464.68            0            0            1   0.58823529 
  770000           50   -403464.68          500            0            1   0.58823529 
  771000           50   -403464.68         1500            0            1   0.58823529 
  772000           50   -403464.68         2500            0            1   0.58823529 
  773000           50   -403464.68         3500            0            1   0.58823529 
  774000           50   -403464.68         4500            0            1   0.58823529 
  775000           50   -403464.68         5500            0            1   0.58823529 
  776000           50   -403464.68         6500            0            1   0.58823529 
  777000           50   -403464.68         7500            0            1   0.58823529 
  778000           50   -403464.68         8500            0            1   0.58823529 
  779000           50   -403464.68         9500            0            1   0.58823529 
  780000           50   -403464.68        10500            0            1   0.58823529 
  781000           50   -403464.68        11500            0            1   0.58823529 
  782000           50   -403464.68        12500            0            1   0.58823529 
  783000           50   -403464.68        13500            0            1   0.58823529 
  784000           50   -403464.68        14500            0            1   0.58823529 
  785000           50   -403464.68        15500            0            1   0.58823529 
  786000           50   -403464.68        16500            0            1   0.58823529 
  787000           50   -403464.68        17500            0            1   0.58823529 
  788000           50   -403464.68        18500            0            1   0.58823529 
  789000           50   -403464.68        19500            0            1   0.58823529 
  790000           50   -403464.68        20500            0            1   0.58823529 
  791000           50   -403464.68        21500            0            1   0.58823529 
  792000           50   -403464.68        22500            0            1   0.58823529 
  793000           50   -403464.68        23500            0            1   0.58823529 
  794000           50   -403464.68        24500            0            1   0.58823529 
  795000           50   -403464.68        25500            0            1   0.58823529 
  796000           50   -403464.68        26500            0            1   0.58823529 
  797000           50   -403464.68        27500            0            1   0.58823529 
  798000           50   -403464.68        28500            0            1   0.58823529 
  799000           50   -403464.68        29500            0            1   0.58823529 
  800000           50   -403464.68        30500            0            1   0.58823529 
  801000           50   -403464.68        31500            0            1   0.58823529 
  802000           50   -403464.68        32500            0            1   0.58823529 
  803000           50   -403464.68        33500            0            1   0.58823529 
  804000           50   -403464.68        34500            0            1   0.58823529 
  805000           50   -403464.68        35500            0            1   0.58823529 
  806000           50   -403464.68        36500            0            1   0.58823529 
  807000           50   -403464.68        37500            0            1   0.58823529 
  808000           50   -403464.68        38500            0            1   0.58823529 
  809000           50   -403464.68        39500            0            1   0.58823529 
  810000           50   -403464.68        40500            0            1   0.58823529 
  810000          0.1   -403464.68            0            0            1   0.58823529 
  811000          0.1   -403464.68         1000            0            1   0.58823529 
  812000          0.1   -403464.68         2000            0            1   0.58823529 
  813000          0.1   -403464.68         3000            0            1   0.58823529 
  814000          0.1   -403464.68         4000            0            1   0.58823529 
  815000          0.1   -403464.68         5000            0            1   0.58823529 
  816000          0.1   -403464.68         6000            0            1   0.58823529 
  817000          0.1   -403464.68         7000            0            1   0.58823529 
  818000          0.1   -403465.95         8000            1            1   0.58823529 
  819000          0.1   -403465.95         9000            1            1   0.58823529 
  820000          0.1   -403465.95        10000            1            1   0.58823529 
  821000          0.1   -403465.95        11000            1            1   0.58823529 
  822000          0.1   -403465.95        12000            1            1   0.58823529 
  823000          0.1   -403465.95        13000            1            1   0.58823529 
  824000          0.1   -403465.95        14000            1            1   0.58823529 
  825000          0.1   -403465.95        15000            1            1   0.58823529 
  826000          0.1   -403465.95        16000            1            1   0.58823529 
  827000          0.1   -403465.95        17000            1            1   0.58823529 
  828000          0.1   -403465.95        18000            1            1   0.58823529 
  829000          0.1   -403465.95        19000            1            1   0.58823529 
  830000          0.1   -403465.95        20000            1            1   0.58823529 
  831000          0.1   -403465.95        21000            1            1   0.58823529 
  832000          0.1   -403465.95        22000            1            1   0.58823529 
  833000          0.1   -403465.95        23000            1            1   0.58823529 
  834000          0.1   -403465.95        24000            1            1   0.58823529 
  835000          0.1   -403465.95        25000            1            1   0.58823529 
  836000          0.1   -403465.95        26000            1            1   0.58823529 
  837000          0.1   -403465.95        27000            1            1   0.58823529 
  838000          0.1   -403465.95        28000            1            1   0.58823529 
  839000          0.1   -403465.95        29000            1            1   0.58823529 
  840000          0.1   -403465.95        30000            1            1   0.58823529 
  841000          0.1   -403465.95        31000            1            1   0.58823529 
  842000          0.1   -403465.95        32000            1            1   0.58823529 
  843000          0.1   -403465.95        33000            1            1   0.58823529 
  844000          0.1   -403465.95        34000            1            1   0.58823529 
  845000          0.1   -403466.69        35000            2            1   0.58823529 
  846000          0.1   -403466.72        36000            3            1   0.58823529 
  847000          0.1   -403466.72        37000            3            1   0.58823529 
  848000          0.1   -403466.72        38000            3            1   0.58823529 
  849000          0.1   -403466.72        39000            3            1   0.58823529 
  850000          0.1   -403466.72        40000            3            1   0.58823529 
  850500          0.1   -403466.72        40500            3            1   0.58823529 
